INFO - 2023-04-05 15:05:14 --> Session: Class initialized using 'CodeIgniter\Session\Handlers\FileHandler' driver.
CRITICAL - 2023-04-05 15:05:14 --> Attempt to read property "id" on null
in APPPATH\Models\tftModel.php on line 37.
 1 APPPATH\Models\tftModel.php(37): CodeIgniter\Debug\Exceptions->errorHandler(2, 'Attempt to read property "id" on null', 'APPPATH\\Models\\tftModel.php', 37)
 2 APPPATH\Controllers\tftController.php(17): App\Models\tftModel->getLastSadTime()
 3 SYSTEMPATH\CodeIgniter.php(934): App\Controllers\tftController->index()
 4 SYSTEMPATH\CodeIgniter.php(499): CodeIgniter\CodeIgniter->runController(Object(App\Controllers\tftController))
 5 SYSTEMPATH\CodeIgniter.php(368): CodeIgniter\CodeIgniter->handleRequest(null, Object(Config\Cache), false)
 6 FCPATH\index.php(67): CodeIgniter\CodeIgniter->run()
 7 SYSTEMPATH\Commands\Server\rewrite.php(47): require_once('FCPATH\\index.php')
ERROR - 2023-04-05 15:10:35 --> mysqli_sql_exception: Table 'trainingsfactorytiel.tft' doesn't exist in C:\xampp\htdocs\codeigniter\codeigniterTft\vendor\codeigniter4\framework\system\Database\MySQLi\Connection.php:295
Stack trace:
#0 C:\xampp\htdocs\codeigniter\codeigniterTft\vendor\codeigniter4\framework\system\Database\MySQLi\Connection.php(295): mysqli->query('SELECT *\nFROM `...', 0)
#1 C:\xampp\htdocs\codeigniter\codeigniterTft\vendor\codeigniter4\framework\system\Database\BaseConnection.php(691): CodeIgniter\Database\MySQLi\Connection->execute('SELECT *\nFROM `...')
#2 C:\xampp\htdocs\codeigniter\codeigniterTft\vendor\codeigniter4\framework\system\Database\BaseConnection.php(605): CodeIgniter\Database\BaseConnection->simpleQuery('SELECT *\nFROM `...')
#3 C:\xampp\htdocs\codeigniter\codeigniterTft\vendor\codeigniter4\framework\system\Database\BaseBuilder.php(1602): CodeIgniter\Database\BaseConnection->query('SELECT *\nFROM `...', Array, false)
#4 C:\xampp\htdocs\codeigniter\codeigniterTft\vendor\codeigniter4\framework\system\Model.php(240): CodeIgniter\Database\BaseBuilder->get()
#5 C:\xampp\htdocs\codeigniter\codeigniterTft\vendor\codeigniter4\framework\system\BaseModel.php(618): CodeIgniter\Model->doFindAll(0, 0)
#6 C:\xampp\htdocs\codeigniter\codeigniterTft\app\Models\tftModel.php(15): CodeIgniter\BaseModel->findAll()
#7 C:\xampp\htdocs\codeigniter\codeigniterTft\app\Controllers\tftController.php(16): App\Models\tftModel->gettft()
#8 C:\xampp\htdocs\codeigniter\codeigniterTft\vendor\codeigniter4\framework\system\CodeIgniter.php(934): App\Controllers\tftController->index()
#9 C:\xampp\htdocs\codeigniter\codeigniterTft\vendor\codeigniter4\framework\system\CodeIgniter.php(499): CodeIgniter\CodeIgniter->runController(Object(App\Controllers\tftController))
#10 C:\xampp\htdocs\codeigniter\codeigniterTft\vendor\codeigniter4\framework\system\CodeIgniter.php(368): CodeIgniter\CodeIgniter->handleRequest(NULL, Object(Config\Cache), false)
#11 C:\xampp\htdocs\codeigniter\codeigniterTft\public\index.php(67): CodeIgniter\CodeIgniter->run()
#12 C:\xampp\htdocs\codeigniter\codeigniterTft\vendor\codeigniter4\framework\system\Commands\Server\rewrite.php(47): require_once('C:\\xampp\\htdocs...')
#13 {main}
CRITICAL - 2023-04-05 15:10:35 --> Table 'trainingsfactorytiel.tft' doesn't exist
in SYSTEMPATH\Database\BaseConnection.php on line 645.
 1 SYSTEMPATH\Database\BaseBuilder.php(1602): CodeIgniter\Database\BaseConnection->query('SELECT *
FROM `tft`', [], false)
 2 SYSTEMPATH\Model.php(240): CodeIgniter\Database\BaseBuilder->get()
 3 SYSTEMPATH\BaseModel.php(618): CodeIgniter\Model->doFindAll(0, 0)
 4 APPPATH\Models\tftModel.php(15): CodeIgniter\BaseModel->findAll()
 5 APPPATH\Controllers\tftController.php(16): App\Models\tftModel->gettft()
 6 SYSTEMPATH\CodeIgniter.php(934): App\Controllers\tftController->index()
 7 SYSTEMPATH\CodeIgniter.php(499): CodeIgniter\CodeIgniter->runController(Object(App\Controllers\tftController))
 8 SYSTEMPATH\CodeIgniter.php(368): CodeIgniter\CodeIgniter->handleRequest(null, Object(Config\Cache), false)
 9 FCPATH\index.php(67): CodeIgniter\CodeIgniter->run()
10 SYSTEMPATH\Commands\Server\rewrite.php(47): require_once('FCPATH\\index.php')
ERROR - 2023-04-05 15:12:16 --> mysqli_sql_exception: Table 'trainingsfactorytiel.tft' doesn't exist in C:\xampp\htdocs\codeigniter\codeigniterTft\vendor\codeigniter4\framework\system\Database\MySQLi\Connection.php:295
Stack trace:
#0 C:\xampp\htdocs\codeigniter\codeigniterTft\vendor\codeigniter4\framework\system\Database\MySQLi\Connection.php(295): mysqli->query('SELECT *\nFROM `...', 0)
#1 C:\xampp\htdocs\codeigniter\codeigniterTft\vendor\codeigniter4\framework\system\Database\BaseConnection.php(691): CodeIgniter\Database\MySQLi\Connection->execute('SELECT *\nFROM `...')
#2 C:\xampp\htdocs\codeigniter\codeigniterTft\vendor\codeigniter4\framework\system\Database\BaseConnection.php(605): CodeIgniter\Database\BaseConnection->simpleQuery('SELECT *\nFROM `...')
#3 C:\xampp\htdocs\codeigniter\codeigniterTft\vendor\codeigniter4\framework\system\Database\BaseBuilder.php(1602): CodeIgniter\Database\BaseConnection->query('SELECT *\nFROM `...', Array, false)
#4 C:\xampp\htdocs\codeigniter\codeigniterTft\vendor\codeigniter4\framework\system\Model.php(240): CodeIgniter\Database\BaseBuilder->get()
#5 C:\xampp\htdocs\codeigniter\codeigniterTft\vendor\codeigniter4\framework\system\BaseModel.php(618): CodeIgniter\Model->doFindAll(0, 0)
#6 C:\xampp\htdocs\codeigniter\codeigniterTft\app\Models\tftModel.php(15): CodeIgniter\BaseModel->findAll()
#7 C:\xampp\htdocs\codeigniter\codeigniterTft\app\Controllers\tftController.php(16): App\Models\tftModel->gettft()
#8 C:\xampp\htdocs\codeigniter\codeigniterTft\vendor\codeigniter4\framework\system\CodeIgniter.php(934): App\Controllers\tftController->index()
#9 C:\xampp\htdocs\codeigniter\codeigniterTft\vendor\codeigniter4\framework\system\CodeIgniter.php(499): CodeIgniter\CodeIgniter->runController(Object(App\Controllers\tftController))
#10 C:\xampp\htdocs\codeigniter\codeigniterTft\vendor\codeigniter4\framework\system\CodeIgniter.php(368): CodeIgniter\CodeIgniter->handleRequest(NULL, Object(Config\Cache), false)
#11 C:\xampp\htdocs\codeigniter\codeigniterTft\public\index.php(67): CodeIgniter\CodeIgniter->run()
#12 C:\xampp\htdocs\codeigniter\codeigniterTft\vendor\codeigniter4\framework\system\Commands\Server\rewrite.php(47): require_once('C:\\xampp\\htdocs...')
#13 {main}
CRITICAL - 2023-04-05 15:12:16 --> Table 'trainingsfactorytiel.tft' doesn't exist
in SYSTEMPATH\Database\BaseConnection.php on line 645.
 1 SYSTEMPATH\Database\BaseBuilder.php(1602): CodeIgniter\Database\BaseConnection->query('SELECT *
FROM `tft`', [], false)
 2 SYSTEMPATH\Model.php(240): CodeIgniter\Database\BaseBuilder->get()
 3 SYSTEMPATH\BaseModel.php(618): CodeIgniter\Model->doFindAll(0, 0)
 4 APPPATH\Models\tftModel.php(15): CodeIgniter\BaseModel->findAll()
 5 APPPATH\Controllers\tftController.php(16): App\Models\tftModel->gettft()
 6 SYSTEMPATH\CodeIgniter.php(934): App\Controllers\tftController->index()
 7 SYSTEMPATH\CodeIgniter.php(499): CodeIgniter\CodeIgniter->runController(Object(App\Controllers\tftController))
 8 SYSTEMPATH\CodeIgniter.php(368): CodeIgniter\CodeIgniter->handleRequest(null, Object(Config\Cache), false)
 9 FCPATH\index.php(67): CodeIgniter\CodeIgniter->run()
10 SYSTEMPATH\Commands\Server\rewrite.php(47): require_once('FCPATH\\index.php')
ERROR - 2023-04-05 15:16:32 --> mysqli_sql_exception: Table 'trainingsfactorytiel.tft' doesn't exist in C:\xampp\htdocs\codeigniter\codeigniterTft\vendor\codeigniter4\framework\system\Database\MySQLi\Connection.php:295
Stack trace:
#0 C:\xampp\htdocs\codeigniter\codeigniterTft\vendor\codeigniter4\framework\system\Database\MySQLi\Connection.php(295): mysqli->query('SELECT *\nFROM `...', 0)
#1 C:\xampp\htdocs\codeigniter\codeigniterTft\vendor\codeigniter4\framework\system\Database\BaseConnection.php(691): CodeIgniter\Database\MySQLi\Connection->execute('SELECT *\nFROM `...')
#2 C:\xampp\htdocs\codeigniter\codeigniterTft\vendor\codeigniter4\framework\system\Database\BaseConnection.php(605): CodeIgniter\Database\BaseConnection->simpleQuery('SELECT *\nFROM `...')
#3 C:\xampp\htdocs\codeigniter\codeigniterTft\vendor\codeigniter4\framework\system\Database\BaseBuilder.php(1602): CodeIgniter\Database\BaseConnection->query('SELECT *\nFROM `...', Array, false)
#4 C:\xampp\htdocs\codeigniter\codeigniterTft\vendor\codeigniter4\framework\system\Model.php(240): CodeIgniter\Database\BaseBuilder->get()
#5 C:\xampp\htdocs\codeigniter\codeigniterTft\vendor\codeigniter4\framework\system\BaseModel.php(618): CodeIgniter\Model->doFindAll(0, 0)
#6 C:\xampp\htdocs\codeigniter\codeigniterTft\app\Models\tftModel.php(15): CodeIgniter\BaseModel->findAll()
#7 C:\xampp\htdocs\codeigniter\codeigniterTft\app\Controllers\tftController.php(16): App\Models\tftModel->gettft()
#8 C:\xampp\htdocs\codeigniter\codeigniterTft\vendor\codeigniter4\framework\system\CodeIgniter.php(934): App\Controllers\tftController->index()
#9 C:\xampp\htdocs\codeigniter\codeigniterTft\vendor\codeigniter4\framework\system\CodeIgniter.php(499): CodeIgniter\CodeIgniter->runController(Object(App\Controllers\tftController))
#10 C:\xampp\htdocs\codeigniter\codeigniterTft\vendor\codeigniter4\framework\system\CodeIgniter.php(368): CodeIgniter\CodeIgniter->handleRequest(NULL, Object(Config\Cache), false)
#11 C:\xampp\htdocs\codeigniter\codeigniterTft\public\index.php(67): CodeIgniter\CodeIgniter->run()
#12 C:\xampp\htdocs\codeigniter\codeigniterTft\vendor\codeigniter4\framework\system\Commands\Server\rewrite.php(47): require_once('C:\\xampp\\htdocs...')
#13 {main}
CRITICAL - 2023-04-05 15:16:32 --> Table 'trainingsfactorytiel.tft' doesn't exist
in SYSTEMPATH\Database\BaseConnection.php on line 645.
 1 SYSTEMPATH\Database\BaseBuilder.php(1602): CodeIgniter\Database\BaseConnection->query('SELECT *
FROM `tft`', [], false)
 2 SYSTEMPATH\Model.php(240): CodeIgniter\Database\BaseBuilder->get()
 3 SYSTEMPATH\BaseModel.php(618): CodeIgniter\Model->doFindAll(0, 0)
 4 APPPATH\Models\tftModel.php(15): CodeIgniter\BaseModel->findAll()
 5 APPPATH\Controllers\tftController.php(16): App\Models\tftModel->gettft()
 6 SYSTEMPATH\CodeIgniter.php(934): App\Controllers\tftController->index()
 7 SYSTEMPATH\CodeIgniter.php(499): CodeIgniter\CodeIgniter->runController(Object(App\Controllers\tftController))
 8 SYSTEMPATH\CodeIgniter.php(368): CodeIgniter\CodeIgniter->handleRequest(null, Object(Config\Cache), false)
 9 FCPATH\index.php(67): CodeIgniter\CodeIgniter->run()
10 SYSTEMPATH\Commands\Server\rewrite.php(47): require_once('FCPATH\\index.php')
ERROR - 2023-04-05 15:16:34 --> mysqli_sql_exception: Table 'trainingsfactorytiel.tft' doesn't exist in C:\xampp\htdocs\codeigniter\codeigniterTft\vendor\codeigniter4\framework\system\Database\MySQLi\Connection.php:295
Stack trace:
#0 C:\xampp\htdocs\codeigniter\codeigniterTft\vendor\codeigniter4\framework\system\Database\MySQLi\Connection.php(295): mysqli->query('SELECT *\nFROM `...', 0)
#1 C:\xampp\htdocs\codeigniter\codeigniterTft\vendor\codeigniter4\framework\system\Database\BaseConnection.php(691): CodeIgniter\Database\MySQLi\Connection->execute('SELECT *\nFROM `...')
#2 C:\xampp\htdocs\codeigniter\codeigniterTft\vendor\codeigniter4\framework\system\Database\BaseConnection.php(605): CodeIgniter\Database\BaseConnection->simpleQuery('SELECT *\nFROM `...')
#3 C:\xampp\htdocs\codeigniter\codeigniterTft\vendor\codeigniter4\framework\system\Database\BaseBuilder.php(1602): CodeIgniter\Database\BaseConnection->query('SELECT *\nFROM `...', Array, false)
#4 C:\xampp\htdocs\codeigniter\codeigniterTft\vendor\codeigniter4\framework\system\Model.php(240): CodeIgniter\Database\BaseBuilder->get()
#5 C:\xampp\htdocs\codeigniter\codeigniterTft\vendor\codeigniter4\framework\system\BaseModel.php(618): CodeIgniter\Model->doFindAll(0, 0)
#6 C:\xampp\htdocs\codeigniter\codeigniterTft\app\Models\tftModel.php(15): CodeIgniter\BaseModel->findAll()
#7 C:\xampp\htdocs\codeigniter\codeigniterTft\app\Controllers\tftController.php(16): App\Models\tftModel->gettft()
#8 C:\xampp\htdocs\codeigniter\codeigniterTft\vendor\codeigniter4\framework\system\CodeIgniter.php(934): App\Controllers\tftController->index()
#9 C:\xampp\htdocs\codeigniter\codeigniterTft\vendor\codeigniter4\framework\system\CodeIgniter.php(499): CodeIgniter\CodeIgniter->runController(Object(App\Controllers\tftController))
#10 C:\xampp\htdocs\codeigniter\codeigniterTft\vendor\codeigniter4\framework\system\CodeIgniter.php(368): CodeIgniter\CodeIgniter->handleRequest(NULL, Object(Config\Cache), false)
#11 C:\xampp\htdocs\codeigniter\codeigniterTft\public\index.php(67): CodeIgniter\CodeIgniter->run()
#12 C:\xampp\htdocs\codeigniter\codeigniterTft\vendor\codeigniter4\framework\system\Commands\Server\rewrite.php(47): require_once('C:\\xampp\\htdocs...')
#13 {main}
CRITICAL - 2023-04-05 15:16:34 --> Table 'trainingsfactorytiel.tft' doesn't exist
in SYSTEMPATH\Database\BaseConnection.php on line 645.
 1 SYSTEMPATH\Database\BaseBuilder.php(1602): CodeIgniter\Database\BaseConnection->query('SELECT *
FROM `tft`', [], false)
 2 SYSTEMPATH\Model.php(240): CodeIgniter\Database\BaseBuilder->get()
 3 SYSTEMPATH\BaseModel.php(618): CodeIgniter\Model->doFindAll(0, 0)
 4 APPPATH\Models\tftModel.php(15): CodeIgniter\BaseModel->findAll()
 5 APPPATH\Controllers\tftController.php(16): App\Models\tftModel->gettft()
 6 SYSTEMPATH\CodeIgniter.php(934): App\Controllers\tftController->index()
 7 SYSTEMPATH\CodeIgniter.php(499): CodeIgniter\CodeIgniter->runController(Object(App\Controllers\tftController))
 8 SYSTEMPATH\CodeIgniter.php(368): CodeIgniter\CodeIgniter->handleRequest(null, Object(Config\Cache), false)
 9 FCPATH\index.php(67): CodeIgniter\CodeIgniter->run()
10 SYSTEMPATH\Commands\Server\rewrite.php(47): require_once('FCPATH\\index.php')
INFO - 2023-04-05 15:16:39 --> Session: Class initialized using 'CodeIgniter\Session\Handlers\FileHandler' driver.
INFO - 2023-04-05 15:16:39 --> Session: Class initialized using 'CodeIgniter\Session\Handlers\FileHandler' driver.
INFO - 2023-04-05 15:19:15 --> Session: Class initialized using 'CodeIgniter\Session\Handlers\FileHandler' driver.
INFO - 2023-04-05 15:19:16 --> Session: Class initialized using 'CodeIgniter\Session\Handlers\FileHandler' driver.
INFO - 2023-04-05 15:19:35 --> Session: Class initialized using 'CodeIgniter\Session\Handlers\FileHandler' driver.
INFO - 2023-04-05 15:19:35 --> CSRF token verified.
ERROR - 2023-04-05 15:19:36 --> mysqli_sql_exception: Table 'trainingsfactorytiel.tft' doesn't exist in C:\xampp\htdocs\codeigniter\codeigniterTft\vendor\codeigniter4\framework\system\Database\MySQLi\Connection.php:295
Stack trace:
#0 C:\xampp\htdocs\codeigniter\codeigniterTft\vendor\codeigniter4\framework\system\Database\MySQLi\Connection.php(295): mysqli->query('SELECT *\nFROM `...', 0)
#1 C:\xampp\htdocs\codeigniter\codeigniterTft\vendor\codeigniter4\framework\system\Database\BaseConnection.php(691): CodeIgniter\Database\MySQLi\Connection->execute('SELECT *\nFROM `...')
#2 C:\xampp\htdocs\codeigniter\codeigniterTft\vendor\codeigniter4\framework\system\Database\BaseConnection.php(605): CodeIgniter\Database\BaseConnection->simpleQuery('SELECT *\nFROM `...')
#3 C:\xampp\htdocs\codeigniter\codeigniterTft\vendor\codeigniter4\framework\system\Database\BaseBuilder.php(1602): CodeIgniter\Database\BaseConnection->query('SELECT *\nFROM `...', Array, false)
#4 C:\xampp\htdocs\codeigniter\codeigniterTft\vendor\codeigniter4\framework\system\Model.php(240): CodeIgniter\Database\BaseBuilder->get()
#5 C:\xampp\htdocs\codeigniter\codeigniterTft\vendor\codeigniter4\framework\system\BaseModel.php(618): CodeIgniter\Model->doFindAll(0, 0)
#6 C:\xampp\htdocs\codeigniter\codeigniterTft\app\Models\tftModel.php(15): CodeIgniter\BaseModel->findAll()
#7 C:\xampp\htdocs\codeigniter\codeigniterTft\app\Controllers\tftController.php(16): App\Models\tftModel->gettft()
#8 C:\xampp\htdocs\codeigniter\codeigniterTft\vendor\codeigniter4\framework\system\CodeIgniter.php(934): App\Controllers\tftController->index()
#9 C:\xampp\htdocs\codeigniter\codeigniterTft\vendor\codeigniter4\framework\system\CodeIgniter.php(499): CodeIgniter\CodeIgniter->runController(Object(App\Controllers\tftController))
#10 C:\xampp\htdocs\codeigniter\codeigniterTft\vendor\codeigniter4\framework\system\CodeIgniter.php(368): CodeIgniter\CodeIgniter->handleRequest(NULL, Object(Config\Cache), false)
#11 C:\xampp\htdocs\codeigniter\codeigniterTft\public\index.php(67): CodeIgniter\CodeIgniter->run()
#12 {main}
CRITICAL - 2023-04-05 15:19:36 --> Table 'trainingsfactorytiel.tft' doesn't exist
in SYSTEMPATH\Database\BaseConnection.php on line 645.
 1 SYSTEMPATH\Database\BaseBuilder.php(1602): CodeIgniter\Database\BaseConnection->query('SELECT *
FROM `tft`', [], false)
 2 SYSTEMPATH\Model.php(240): CodeIgniter\Database\BaseBuilder->get()
 3 SYSTEMPATH\BaseModel.php(618): CodeIgniter\Model->doFindAll(0, 0)
 4 APPPATH\Models\tftModel.php(15): CodeIgniter\BaseModel->findAll()
 5 APPPATH\Controllers\tftController.php(16): App\Models\tftModel->gettft()
 6 SYSTEMPATH\CodeIgniter.php(934): App\Controllers\tftController->index()
 7 SYSTEMPATH\CodeIgniter.php(499): CodeIgniter\CodeIgniter->runController(Object(App\Controllers\tftController))
 8 SYSTEMPATH\CodeIgniter.php(368): CodeIgniter\CodeIgniter->handleRequest(null, Object(Config\Cache), false)
 9 FCPATH\index.php(67): CodeIgniter\CodeIgniter->run()
ERROR - 2023-04-05 15:20:16 --> mysqli_sql_exception: Table 'trainingsfactorytiel.tft' doesn't exist in C:\xampp\htdocs\codeigniter\codeigniterTft\vendor\codeigniter4\framework\system\Database\MySQLi\Connection.php:295
Stack trace:
#0 C:\xampp\htdocs\codeigniter\codeigniterTft\vendor\codeigniter4\framework\system\Database\MySQLi\Connection.php(295): mysqli->query('SELECT *\nFROM `...', 0)
#1 C:\xampp\htdocs\codeigniter\codeigniterTft\vendor\codeigniter4\framework\system\Database\BaseConnection.php(691): CodeIgniter\Database\MySQLi\Connection->execute('SELECT *\nFROM `...')
#2 C:\xampp\htdocs\codeigniter\codeigniterTft\vendor\codeigniter4\framework\system\Database\BaseConnection.php(605): CodeIgniter\Database\BaseConnection->simpleQuery('SELECT *\nFROM `...')
#3 C:\xampp\htdocs\codeigniter\codeigniterTft\vendor\codeigniter4\framework\system\Database\BaseBuilder.php(1602): CodeIgniter\Database\BaseConnection->query('SELECT *\nFROM `...', Array, false)
#4 C:\xampp\htdocs\codeigniter\codeigniterTft\vendor\codeigniter4\framework\system\Model.php(240): CodeIgniter\Database\BaseBuilder->get()
#5 C:\xampp\htdocs\codeigniter\codeigniterTft\vendor\codeigniter4\framework\system\BaseModel.php(618): CodeIgniter\Model->doFindAll(0, 0)
#6 C:\xampp\htdocs\codeigniter\codeigniterTft\app\Models\tftModel.php(15): CodeIgniter\BaseModel->findAll()
#7 C:\xampp\htdocs\codeigniter\codeigniterTft\app\Controllers\tftController.php(16): App\Models\tftModel->gettft()
#8 C:\xampp\htdocs\codeigniter\codeigniterTft\vendor\codeigniter4\framework\system\CodeIgniter.php(934): App\Controllers\tftController->index()
#9 C:\xampp\htdocs\codeigniter\codeigniterTft\vendor\codeigniter4\framework\system\CodeIgniter.php(499): CodeIgniter\CodeIgniter->runController(Object(App\Controllers\tftController))
#10 C:\xampp\htdocs\codeigniter\codeigniterTft\vendor\codeigniter4\framework\system\CodeIgniter.php(368): CodeIgniter\CodeIgniter->handleRequest(NULL, Object(Config\Cache), false)
#11 C:\xampp\htdocs\codeigniter\codeigniterTft\public\index.php(67): CodeIgniter\CodeIgniter->run()
#12 C:\xampp\htdocs\codeigniter\codeigniterTft\vendor\codeigniter4\framework\system\Commands\Server\rewrite.php(47): require_once('C:\\xampp\\htdocs...')
#13 {main}
CRITICAL - 2023-04-05 15:20:16 --> Table 'trainingsfactorytiel.tft' doesn't exist
in SYSTEMPATH\Database\BaseConnection.php on line 645.
 1 SYSTEMPATH\Database\BaseBuilder.php(1602): CodeIgniter\Database\BaseConnection->query('SELECT *
FROM `tft`', [], false)
 2 SYSTEMPATH\Model.php(240): CodeIgniter\Database\BaseBuilder->get()
 3 SYSTEMPATH\BaseModel.php(618): CodeIgniter\Model->doFindAll(0, 0)
 4 APPPATH\Models\tftModel.php(15): CodeIgniter\BaseModel->findAll()
 5 APPPATH\Controllers\tftController.php(16): App\Models\tftModel->gettft()
 6 SYSTEMPATH\CodeIgniter.php(934): App\Controllers\tftController->index()
 7 SYSTEMPATH\CodeIgniter.php(499): CodeIgniter\CodeIgniter->runController(Object(App\Controllers\tftController))
 8 SYSTEMPATH\CodeIgniter.php(368): CodeIgniter\CodeIgniter->handleRequest(null, Object(Config\Cache), false)
 9 FCPATH\index.php(67): CodeIgniter\CodeIgniter->run()
10 SYSTEMPATH\Commands\Server\rewrite.php(47): require_once('FCPATH\\index.php')
ERROR - 2023-04-05 15:29:30 --> mysqli_sql_exception: Table 'trainingsfactorytiel.tft' doesn't exist in C:\xampp\htdocs\codeigniter\codeigniterTft\vendor\codeigniter4\framework\system\Database\MySQLi\Connection.php:295
Stack trace:
#0 C:\xampp\htdocs\codeigniter\codeigniterTft\vendor\codeigniter4\framework\system\Database\MySQLi\Connection.php(295): mysqli->query('SELECT *\nFROM `...', 0)
#1 C:\xampp\htdocs\codeigniter\codeigniterTft\vendor\codeigniter4\framework\system\Database\BaseConnection.php(691): CodeIgniter\Database\MySQLi\Connection->execute('SELECT *\nFROM `...')
#2 C:\xampp\htdocs\codeigniter\codeigniterTft\vendor\codeigniter4\framework\system\Database\BaseConnection.php(605): CodeIgniter\Database\BaseConnection->simpleQuery('SELECT *\nFROM `...')
#3 C:\xampp\htdocs\codeigniter\codeigniterTft\vendor\codeigniter4\framework\system\Database\BaseBuilder.php(1602): CodeIgniter\Database\BaseConnection->query('SELECT *\nFROM `...', Array, false)
#4 C:\xampp\htdocs\codeigniter\codeigniterTft\vendor\codeigniter4\framework\system\Model.php(240): CodeIgniter\Database\BaseBuilder->get()
#5 C:\xampp\htdocs\codeigniter\codeigniterTft\vendor\codeigniter4\framework\system\BaseModel.php(618): CodeIgniter\Model->doFindAll(0, 0)
#6 C:\xampp\htdocs\codeigniter\codeigniterTft\app\Models\tftModel.php(15): CodeIgniter\BaseModel->findAll()
#7 C:\xampp\htdocs\codeigniter\codeigniterTft\app\Controllers\tftController.php(16): App\Models\tftModel->gettft()
#8 C:\xampp\htdocs\codeigniter\codeigniterTft\vendor\codeigniter4\framework\system\CodeIgniter.php(934): App\Controllers\tftController->index()
#9 C:\xampp\htdocs\codeigniter\codeigniterTft\vendor\codeigniter4\framework\system\CodeIgniter.php(499): CodeIgniter\CodeIgniter->runController(Object(App\Controllers\tftController))
#10 C:\xampp\htdocs\codeigniter\codeigniterTft\vendor\codeigniter4\framework\system\CodeIgniter.php(368): CodeIgniter\CodeIgniter->handleRequest(NULL, Object(Config\Cache), false)
#11 C:\xampp\htdocs\codeigniter\codeigniterTft\public\index.php(67): CodeIgniter\CodeIgniter->run()
#12 C:\xampp\htdocs\codeigniter\codeigniterTft\vendor\codeigniter4\framework\system\Commands\Server\rewrite.php(47): require_once('C:\\xampp\\htdocs...')
#13 {main}
CRITICAL - 2023-04-05 15:29:30 --> Table 'trainingsfactorytiel.tft' doesn't exist
in SYSTEMPATH\Database\BaseConnection.php on line 645.
 1 SYSTEMPATH\Database\BaseBuilder.php(1602): CodeIgniter\Database\BaseConnection->query('SELECT *
FROM `tft`', [], false)
 2 SYSTEMPATH\Model.php(240): CodeIgniter\Database\BaseBuilder->get()
 3 SYSTEMPATH\BaseModel.php(618): CodeIgniter\Model->doFindAll(0, 0)
 4 APPPATH\Models\tftModel.php(15): CodeIgniter\BaseModel->findAll()
 5 APPPATH\Controllers\tftController.php(16): App\Models\tftModel->gettft()
 6 SYSTEMPATH\CodeIgniter.php(934): App\Controllers\tftController->index()
 7 SYSTEMPATH\CodeIgniter.php(499): CodeIgniter\CodeIgniter->runController(Object(App\Controllers\tftController))
 8 SYSTEMPATH\CodeIgniter.php(368): CodeIgniter\CodeIgniter->handleRequest(null, Object(Config\Cache), false)
 9 FCPATH\index.php(67): CodeIgniter\CodeIgniter->run()
10 SYSTEMPATH\Commands\Server\rewrite.php(47): require_once('FCPATH\\index.php')
ERROR - 2023-04-05 15:29:33 --> mysqli_sql_exception: Table 'trainingsfactorytiel.tft' doesn't exist in C:\xampp\htdocs\codeigniter\codeigniterTft\vendor\codeigniter4\framework\system\Database\MySQLi\Connection.php:295
Stack trace:
#0 C:\xampp\htdocs\codeigniter\codeigniterTft\vendor\codeigniter4\framework\system\Database\MySQLi\Connection.php(295): mysqli->query('SELECT *\nFROM `...', 0)
#1 C:\xampp\htdocs\codeigniter\codeigniterTft\vendor\codeigniter4\framework\system\Database\BaseConnection.php(691): CodeIgniter\Database\MySQLi\Connection->execute('SELECT *\nFROM `...')
#2 C:\xampp\htdocs\codeigniter\codeigniterTft\vendor\codeigniter4\framework\system\Database\BaseConnection.php(605): CodeIgniter\Database\BaseConnection->simpleQuery('SELECT *\nFROM `...')
#3 C:\xampp\htdocs\codeigniter\codeigniterTft\vendor\codeigniter4\framework\system\Database\BaseBuilder.php(1602): CodeIgniter\Database\BaseConnection->query('SELECT *\nFROM `...', Array, false)
#4 C:\xampp\htdocs\codeigniter\codeigniterTft\vendor\codeigniter4\framework\system\Model.php(240): CodeIgniter\Database\BaseBuilder->get()
#5 C:\xampp\htdocs\codeigniter\codeigniterTft\vendor\codeigniter4\framework\system\BaseModel.php(618): CodeIgniter\Model->doFindAll(0, 0)
#6 C:\xampp\htdocs\codeigniter\codeigniterTft\app\Models\tftModel.php(15): CodeIgniter\BaseModel->findAll()
#7 C:\xampp\htdocs\codeigniter\codeigniterTft\app\Controllers\tftController.php(16): App\Models\tftModel->gettft()
#8 C:\xampp\htdocs\codeigniter\codeigniterTft\vendor\codeigniter4\framework\system\CodeIgniter.php(934): App\Controllers\tftController->index()
#9 C:\xampp\htdocs\codeigniter\codeigniterTft\vendor\codeigniter4\framework\system\CodeIgniter.php(499): CodeIgniter\CodeIgniter->runController(Object(App\Controllers\tftController))
#10 C:\xampp\htdocs\codeigniter\codeigniterTft\vendor\codeigniter4\framework\system\CodeIgniter.php(368): CodeIgniter\CodeIgniter->handleRequest(NULL, Object(Config\Cache), false)
#11 C:\xampp\htdocs\codeigniter\codeigniterTft\public\index.php(67): CodeIgniter\CodeIgniter->run()
#12 C:\xampp\htdocs\codeigniter\codeigniterTft\vendor\codeigniter4\framework\system\Commands\Server\rewrite.php(47): require_once('C:\\xampp\\htdocs...')
#13 {main}
CRITICAL - 2023-04-05 15:29:33 --> Table 'trainingsfactorytiel.tft' doesn't exist
in SYSTEMPATH\Database\BaseConnection.php on line 645.
 1 SYSTEMPATH\Database\BaseBuilder.php(1602): CodeIgniter\Database\BaseConnection->query('SELECT *
FROM `tft`', [], false)
 2 SYSTEMPATH\Model.php(240): CodeIgniter\Database\BaseBuilder->get()
 3 SYSTEMPATH\BaseModel.php(618): CodeIgniter\Model->doFindAll(0, 0)
 4 APPPATH\Models\tftModel.php(15): CodeIgniter\BaseModel->findAll()
 5 APPPATH\Controllers\tftController.php(16): App\Models\tftModel->gettft()
 6 SYSTEMPATH\CodeIgniter.php(934): App\Controllers\tftController->index()
 7 SYSTEMPATH\CodeIgniter.php(499): CodeIgniter\CodeIgniter->runController(Object(App\Controllers\tftController))
 8 SYSTEMPATH\CodeIgniter.php(368): CodeIgniter\CodeIgniter->handleRequest(null, Object(Config\Cache), false)
 9 FCPATH\index.php(67): CodeIgniter\CodeIgniter->run()
10 SYSTEMPATH\Commands\Server\rewrite.php(47): require_once('FCPATH\\index.php')
ERROR - 2023-04-05 15:29:35 --> mysqli_sql_exception: Table 'trainingsfactorytiel.tft' doesn't exist in C:\xampp\htdocs\codeigniter\codeigniterTft\vendor\codeigniter4\framework\system\Database\MySQLi\Connection.php:295
Stack trace:
#0 C:\xampp\htdocs\codeigniter\codeigniterTft\vendor\codeigniter4\framework\system\Database\MySQLi\Connection.php(295): mysqli->query('SELECT *\nFROM `...', 0)
#1 C:\xampp\htdocs\codeigniter\codeigniterTft\vendor\codeigniter4\framework\system\Database\BaseConnection.php(691): CodeIgniter\Database\MySQLi\Connection->execute('SELECT *\nFROM `...')
#2 C:\xampp\htdocs\codeigniter\codeigniterTft\vendor\codeigniter4\framework\system\Database\BaseConnection.php(605): CodeIgniter\Database\BaseConnection->simpleQuery('SELECT *\nFROM `...')
#3 C:\xampp\htdocs\codeigniter\codeigniterTft\vendor\codeigniter4\framework\system\Database\BaseBuilder.php(1602): CodeIgniter\Database\BaseConnection->query('SELECT *\nFROM `...', Array, false)
#4 C:\xampp\htdocs\codeigniter\codeigniterTft\vendor\codeigniter4\framework\system\Model.php(240): CodeIgniter\Database\BaseBuilder->get()
#5 C:\xampp\htdocs\codeigniter\codeigniterTft\vendor\codeigniter4\framework\system\BaseModel.php(618): CodeIgniter\Model->doFindAll(0, 0)
#6 C:\xampp\htdocs\codeigniter\codeigniterTft\app\Models\tftModel.php(15): CodeIgniter\BaseModel->findAll()
#7 C:\xampp\htdocs\codeigniter\codeigniterTft\app\Controllers\tftController.php(16): App\Models\tftModel->gettft()
#8 C:\xampp\htdocs\codeigniter\codeigniterTft\vendor\codeigniter4\framework\system\CodeIgniter.php(934): App\Controllers\tftController->index()
#9 C:\xampp\htdocs\codeigniter\codeigniterTft\vendor\codeigniter4\framework\system\CodeIgniter.php(499): CodeIgniter\CodeIgniter->runController(Object(App\Controllers\tftController))
#10 C:\xampp\htdocs\codeigniter\codeigniterTft\vendor\codeigniter4\framework\system\CodeIgniter.php(368): CodeIgniter\CodeIgniter->handleRequest(NULL, Object(Config\Cache), false)
#11 C:\xampp\htdocs\codeigniter\codeigniterTft\public\index.php(67): CodeIgniter\CodeIgniter->run()
#12 C:\xampp\htdocs\codeigniter\codeigniterTft\vendor\codeigniter4\framework\system\Commands\Server\rewrite.php(47): require_once('C:\\xampp\\htdocs...')
#13 {main}
CRITICAL - 2023-04-05 15:29:35 --> Table 'trainingsfactorytiel.tft' doesn't exist
in SYSTEMPATH\Database\BaseConnection.php on line 645.
 1 SYSTEMPATH\Database\BaseBuilder.php(1602): CodeIgniter\Database\BaseConnection->query('SELECT *
FROM `tft`', [], false)
 2 SYSTEMPATH\Model.php(240): CodeIgniter\Database\BaseBuilder->get()
 3 SYSTEMPATH\BaseModel.php(618): CodeIgniter\Model->doFindAll(0, 0)
 4 APPPATH\Models\tftModel.php(15): CodeIgniter\BaseModel->findAll()
 5 APPPATH\Controllers\tftController.php(16): App\Models\tftModel->gettft()
 6 SYSTEMPATH\CodeIgniter.php(934): App\Controllers\tftController->index()
 7 SYSTEMPATH\CodeIgniter.php(499): CodeIgniter\CodeIgniter->runController(Object(App\Controllers\tftController))
 8 SYSTEMPATH\CodeIgniter.php(368): CodeIgniter\CodeIgniter->handleRequest(null, Object(Config\Cache), false)
 9 FCPATH\index.php(67): CodeIgniter\CodeIgniter->run()
10 SYSTEMPATH\Commands\Server\rewrite.php(47): require_once('FCPATH\\index.php')
ERROR - 2023-04-05 15:29:35 --> mysqli_sql_exception: Table 'trainingsfactorytiel.tft' doesn't exist in C:\xampp\htdocs\codeigniter\codeigniterTft\vendor\codeigniter4\framework\system\Database\MySQLi\Connection.php:295
Stack trace:
#0 C:\xampp\htdocs\codeigniter\codeigniterTft\vendor\codeigniter4\framework\system\Database\MySQLi\Connection.php(295): mysqli->query('SELECT *\nFROM `...', 0)
#1 C:\xampp\htdocs\codeigniter\codeigniterTft\vendor\codeigniter4\framework\system\Database\BaseConnection.php(691): CodeIgniter\Database\MySQLi\Connection->execute('SELECT *\nFROM `...')
#2 C:\xampp\htdocs\codeigniter\codeigniterTft\vendor\codeigniter4\framework\system\Database\BaseConnection.php(605): CodeIgniter\Database\BaseConnection->simpleQuery('SELECT *\nFROM `...')
#3 C:\xampp\htdocs\codeigniter\codeigniterTft\vendor\codeigniter4\framework\system\Database\BaseBuilder.php(1602): CodeIgniter\Database\BaseConnection->query('SELECT *\nFROM `...', Array, false)
#4 C:\xampp\htdocs\codeigniter\codeigniterTft\vendor\codeigniter4\framework\system\Model.php(240): CodeIgniter\Database\BaseBuilder->get()
#5 C:\xampp\htdocs\codeigniter\codeigniterTft\vendor\codeigniter4\framework\system\BaseModel.php(618): CodeIgniter\Model->doFindAll(0, 0)
#6 C:\xampp\htdocs\codeigniter\codeigniterTft\app\Models\tftModel.php(15): CodeIgniter\BaseModel->findAll()
#7 C:\xampp\htdocs\codeigniter\codeigniterTft\app\Controllers\tftController.php(16): App\Models\tftModel->gettft()
#8 C:\xampp\htdocs\codeigniter\codeigniterTft\vendor\codeigniter4\framework\system\CodeIgniter.php(934): App\Controllers\tftController->index()
#9 C:\xampp\htdocs\codeigniter\codeigniterTft\vendor\codeigniter4\framework\system\CodeIgniter.php(499): CodeIgniter\CodeIgniter->runController(Object(App\Controllers\tftController))
#10 C:\xampp\htdocs\codeigniter\codeigniterTft\vendor\codeigniter4\framework\system\CodeIgniter.php(368): CodeIgniter\CodeIgniter->handleRequest(NULL, Object(Config\Cache), false)
#11 C:\xampp\htdocs\codeigniter\codeigniterTft\public\index.php(67): CodeIgniter\CodeIgniter->run()
#12 C:\xampp\htdocs\codeigniter\codeigniterTft\vendor\codeigniter4\framework\system\Commands\Server\rewrite.php(47): require_once('C:\\xampp\\htdocs...')
#13 {main}
CRITICAL - 2023-04-05 15:29:35 --> Table 'trainingsfactorytiel.tft' doesn't exist
in SYSTEMPATH\Database\BaseConnection.php on line 645.
 1 SYSTEMPATH\Database\BaseBuilder.php(1602): CodeIgniter\Database\BaseConnection->query('SELECT *
FROM `tft`', [], false)
 2 SYSTEMPATH\Model.php(240): CodeIgniter\Database\BaseBuilder->get()
 3 SYSTEMPATH\BaseModel.php(618): CodeIgniter\Model->doFindAll(0, 0)
 4 APPPATH\Models\tftModel.php(15): CodeIgniter\BaseModel->findAll()
 5 APPPATH\Controllers\tftController.php(16): App\Models\tftModel->gettft()
 6 SYSTEMPATH\CodeIgniter.php(934): App\Controllers\tftController->index()
 7 SYSTEMPATH\CodeIgniter.php(499): CodeIgniter\CodeIgniter->runController(Object(App\Controllers\tftController))
 8 SYSTEMPATH\CodeIgniter.php(368): CodeIgniter\CodeIgniter->handleRequest(null, Object(Config\Cache), false)
 9 FCPATH\index.php(67): CodeIgniter\CodeIgniter->run()
10 SYSTEMPATH\Commands\Server\rewrite.php(47): require_once('FCPATH\\index.php')
ERROR - 2023-04-05 15:30:36 --> mysqli_sql_exception: Table 'trainingsfactorytiel.tft' doesn't exist in C:\xampp\htdocs\codeigniter\codeigniterTft\vendor\codeigniter4\framework\system\Database\MySQLi\Connection.php:295
Stack trace:
#0 C:\xampp\htdocs\codeigniter\codeigniterTft\vendor\codeigniter4\framework\system\Database\MySQLi\Connection.php(295): mysqli->query('SELECT *\nFROM `...', 0)
#1 C:\xampp\htdocs\codeigniter\codeigniterTft\vendor\codeigniter4\framework\system\Database\BaseConnection.php(691): CodeIgniter\Database\MySQLi\Connection->execute('SELECT *\nFROM `...')
#2 C:\xampp\htdocs\codeigniter\codeigniterTft\vendor\codeigniter4\framework\system\Database\BaseConnection.php(605): CodeIgniter\Database\BaseConnection->simpleQuery('SELECT *\nFROM `...')
#3 C:\xampp\htdocs\codeigniter\codeigniterTft\vendor\codeigniter4\framework\system\Database\BaseBuilder.php(1602): CodeIgniter\Database\BaseConnection->query('SELECT *\nFROM `...', Array, false)
#4 C:\xampp\htdocs\codeigniter\codeigniterTft\vendor\codeigniter4\framework\system\Model.php(240): CodeIgniter\Database\BaseBuilder->get()
#5 C:\xampp\htdocs\codeigniter\codeigniterTft\vendor\codeigniter4\framework\system\BaseModel.php(618): CodeIgniter\Model->doFindAll(0, 0)
#6 C:\xampp\htdocs\codeigniter\codeigniterTft\app\Models\tftModel.php(15): CodeIgniter\BaseModel->findAll()
#7 C:\xampp\htdocs\codeigniter\codeigniterTft\app\Controllers\tftController.php(16): App\Models\tftModel->gettft()
#8 C:\xampp\htdocs\codeigniter\codeigniterTft\vendor\codeigniter4\framework\system\CodeIgniter.php(934): App\Controllers\tftController->index()
#9 C:\xampp\htdocs\codeigniter\codeigniterTft\vendor\codeigniter4\framework\system\CodeIgniter.php(499): CodeIgniter\CodeIgniter->runController(Object(App\Controllers\tftController))
#10 C:\xampp\htdocs\codeigniter\codeigniterTft\vendor\codeigniter4\framework\system\CodeIgniter.php(368): CodeIgniter\CodeIgniter->handleRequest(NULL, Object(Config\Cache), false)
#11 C:\xampp\htdocs\codeigniter\codeigniterTft\public\index.php(67): CodeIgniter\CodeIgniter->run()
#12 C:\xampp\htdocs\codeigniter\codeigniterTft\vendor\codeigniter4\framework\system\Commands\Server\rewrite.php(47): require_once('C:\\xampp\\htdocs...')
#13 {main}
CRITICAL - 2023-04-05 15:30:36 --> Table 'trainingsfactorytiel.tft' doesn't exist
in SYSTEMPATH\Database\BaseConnection.php on line 645.
 1 SYSTEMPATH\Database\BaseBuilder.php(1602): CodeIgniter\Database\BaseConnection->query('SELECT *
FROM `tft`', [], false)
 2 SYSTEMPATH\Model.php(240): CodeIgniter\Database\BaseBuilder->get()
 3 SYSTEMPATH\BaseModel.php(618): CodeIgniter\Model->doFindAll(0, 0)
 4 APPPATH\Models\tftModel.php(15): CodeIgniter\BaseModel->findAll()
 5 APPPATH\Controllers\tftController.php(16): App\Models\tftModel->gettft()
 6 SYSTEMPATH\CodeIgniter.php(934): App\Controllers\tftController->index()
 7 SYSTEMPATH\CodeIgniter.php(499): CodeIgniter\CodeIgniter->runController(Object(App\Controllers\tftController))
 8 SYSTEMPATH\CodeIgniter.php(368): CodeIgniter\CodeIgniter->handleRequest(null, Object(Config\Cache), false)
 9 FCPATH\index.php(67): CodeIgniter\CodeIgniter->run()
10 SYSTEMPATH\Commands\Server\rewrite.php(47): require_once('FCPATH\\index.php')
INFO - 2023-04-05 15:32:11 --> Session: Class initialized using 'CodeIgniter\Session\Handlers\FileHandler' driver.
ERROR - 2023-04-05 15:32:11 --> mysqli_sql_exception: Unknown column 'naam' in 'where clause' in C:\xampp\htdocs\codeigniter\codeigniterTft\vendor\codeigniter4\framework\system\Database\MySQLi\Connection.php:295
Stack trace:
#0 C:\xampp\htdocs\codeigniter\codeigniterTft\vendor\codeigniter4\framework\system\Database\MySQLi\Connection.php(295): mysqli->query('SELECT *\nFROM `...', 0)
#1 C:\xampp\htdocs\codeigniter\codeigniterTft\vendor\codeigniter4\framework\system\Database\BaseConnection.php(691): CodeIgniter\Database\MySQLi\Connection->execute('SELECT *\nFROM `...')
#2 C:\xampp\htdocs\codeigniter\codeigniterTft\vendor\codeigniter4\framework\system\Database\BaseConnection.php(605): CodeIgniter\Database\BaseConnection->simpleQuery('SELECT *\nFROM `...')
#3 C:\xampp\htdocs\codeigniter\codeigniterTft\vendor\codeigniter4\framework\system\Database\BaseBuilder.php(1602): CodeIgniter\Database\BaseConnection->query('SELECT *\nFROM `...', Array, false)
#4 C:\xampp\htdocs\codeigniter\codeigniterTft\vendor\codeigniter4\framework\system\Model.php(267): CodeIgniter\Database\BaseBuilder->get()
#5 C:\xampp\htdocs\codeigniter\codeigniterTft\vendor\codeigniter4\framework\system\BaseModel.php(656): CodeIgniter\Model->doFirst()
#6 C:\xampp\htdocs\codeigniter\codeigniterTft\app\Models\tftModel.php(37): CodeIgniter\BaseModel->first()
#7 C:\xampp\htdocs\codeigniter\codeigniterTft\app\Controllers\tftController.php(17): App\Models\tftModel->getLastSadTime()
#8 C:\xampp\htdocs\codeigniter\codeigniterTft\vendor\codeigniter4\framework\system\CodeIgniter.php(934): App\Controllers\tftController->index()
#9 C:\xampp\htdocs\codeigniter\codeigniterTft\vendor\codeigniter4\framework\system\CodeIgniter.php(499): CodeIgniter\CodeIgniter->runController(Object(App\Controllers\tftController))
#10 C:\xampp\htdocs\codeigniter\codeigniterTft\vendor\codeigniter4\framework\system\CodeIgniter.php(368): CodeIgniter\CodeIgniter->handleRequest(NULL, Object(Config\Cache), false)
#11 C:\xampp\htdocs\codeigniter\codeigniterTft\public\index.php(67): CodeIgniter\CodeIgniter->run()
#12 C:\xampp\htdocs\codeigniter\codeigniterTft\vendor\codeigniter4\framework\system\Commands\Server\rewrite.php(47): require_once('C:\\xampp\\htdocs...')
#13 {main}
CRITICAL - 2023-04-05 15:32:11 --> Unknown column 'naam' in 'where clause'
in SYSTEMPATH\Database\BaseConnection.php on line 645.
 1 SYSTEMPATH\Database\BaseBuilder.php(1602): CodeIgniter\Database\BaseConnection->query('SELECT *
FROM `login`
WHERE `naam` = :naam:
AND `mood` = :mood:
ORDER BY `datum` DESC
 LIMIT 1', [...], false)
 2 SYSTEMPATH\Model.php(267): CodeIgniter\Database\BaseBuilder->get()
 3 SYSTEMPATH\BaseModel.php(656): CodeIgniter\Model->doFirst()
 4 APPPATH\Models\tftModel.php(37): CodeIgniter\BaseModel->first()
 5 APPPATH\Controllers\tftController.php(17): App\Models\tftModel->getLastSadTime()
 6 SYSTEMPATH\CodeIgniter.php(934): App\Controllers\tftController->index()
 7 SYSTEMPATH\CodeIgniter.php(499): CodeIgniter\CodeIgniter->runController(Object(App\Controllers\tftController))
 8 SYSTEMPATH\CodeIgniter.php(368): CodeIgniter\CodeIgniter->handleRequest(null, Object(Config\Cache), false)
 9 FCPATH\index.php(67): CodeIgniter\CodeIgniter->run()
10 SYSTEMPATH\Commands\Server\rewrite.php(47): require_once('FCPATH\\index.php')
CRITICAL - 2023-04-05 15:33:05 --> Call to undefined method App\Models\tftModel::getLastSadTime
in SYSTEMPATH\Model.php on line 841.
 1 APPPATH\Controllers\tftController.php(17): CodeIgniter\Model->__call('getLastSadTime', [])
 2 SYSTEMPATH\CodeIgniter.php(934): App\Controllers\tftController->index()
 3 SYSTEMPATH\CodeIgniter.php(499): CodeIgniter\CodeIgniter->runController(Object(App\Controllers\tftController))
 4 SYSTEMPATH\CodeIgniter.php(368): CodeIgniter\CodeIgniter->handleRequest(null, Object(Config\Cache), false)
 5 FCPATH\index.php(67): CodeIgniter\CodeIgniter->run()
 6 SYSTEMPATH\Commands\Server\rewrite.php(47): require_once('FCPATH\\index.php')
CRITICAL - 2023-04-05 15:33:39 --> Call to undefined method App\Models\tftModel::getLastSadTime
in SYSTEMPATH\Model.php on line 841.
 1 APPPATH\Controllers\tftController.php(17): CodeIgniter\Model->__call('getLastSadTime', [])
 2 SYSTEMPATH\CodeIgniter.php(934): App\Controllers\tftController->index()
 3 SYSTEMPATH\CodeIgniter.php(499): CodeIgniter\CodeIgniter->runController(Object(App\Controllers\tftController))
 4 SYSTEMPATH\CodeIgniter.php(368): CodeIgniter\CodeIgniter->handleRequest(null, Object(Config\Cache), false)
 5 FCPATH\index.php(67): CodeIgniter\CodeIgniter->run()
 6 SYSTEMPATH\Commands\Server\rewrite.php(47): require_once('FCPATH\\index.php')
CRITICAL - 2023-04-05 15:33:56 --> Call to undefined method App\Models\tftModel::getGrafiek
in SYSTEMPATH\Model.php on line 841.
 1 APPPATH\Controllers\tftController.php(18): CodeIgniter\Model->__call('getGrafiek', [])
 2 SYSTEMPATH\CodeIgniter.php(934): App\Controllers\tftController->index()
 3 SYSTEMPATH\CodeIgniter.php(499): CodeIgniter\CodeIgniter->runController(Object(App\Controllers\tftController))
 4 SYSTEMPATH\CodeIgniter.php(368): CodeIgniter\CodeIgniter->handleRequest(null, Object(Config\Cache), false)
 5 FCPATH\index.php(67): CodeIgniter\CodeIgniter->run()
 6 SYSTEMPATH\Commands\Server\rewrite.php(47): require_once('FCPATH\\index.php')
CRITICAL - 2023-04-05 15:33:57 --> Call to undefined method App\Models\tftModel::getGrafiek
in SYSTEMPATH\Model.php on line 841.
 1 APPPATH\Controllers\tftController.php(18): CodeIgniter\Model->__call('getGrafiek', [])
 2 SYSTEMPATH\CodeIgniter.php(934): App\Controllers\tftController->index()
 3 SYSTEMPATH\CodeIgniter.php(499): CodeIgniter\CodeIgniter->runController(Object(App\Controllers\tftController))
 4 SYSTEMPATH\CodeIgniter.php(368): CodeIgniter\CodeIgniter->handleRequest(null, Object(Config\Cache), false)
 5 FCPATH\index.php(67): CodeIgniter\CodeIgniter->run()
 6 SYSTEMPATH\Commands\Server\rewrite.php(47): require_once('FCPATH\\index.php')
INFO - 2023-04-05 15:34:01 --> Session: Class initialized using 'CodeIgniter\Session\Handlers\FileHandler' driver.
INFO - 2023-04-05 15:34:02 --> Session: Class initialized using 'CodeIgniter\Session\Handlers\FileHandler' driver.
INFO - 2023-04-05 15:34:07 --> Session: Class initialized using 'CodeIgniter\Session\Handlers\FileHandler' driver.
INFO - 2023-04-05 15:34:08 --> Session: Class initialized using 'CodeIgniter\Session\Handlers\FileHandler' driver.
CRITICAL - 2023-04-05 15:34:09 --> Invalid file: "tft/create.php"
in SYSTEMPATH\Exceptions\FrameworkException.php on line 33.
 1 SYSTEMPATH\View\View.php(201): CodeIgniter\Exceptions\FrameworkException::forInvalidFile('tft/create.php')
 2 SYSTEMPATH\Common.php(1177): CodeIgniter\View\View->render('tft/create', [], true)
 3 APPPATH\Controllers\tftController.php(37): view('tft/create')
 4 SYSTEMPATH\CodeIgniter.php(934): App\Controllers\tftController->create()
 5 SYSTEMPATH\CodeIgniter.php(499): CodeIgniter\CodeIgniter->runController(Object(App\Controllers\tftController))
 6 SYSTEMPATH\CodeIgniter.php(368): CodeIgniter\CodeIgniter->handleRequest(null, Object(Config\Cache), false)
 7 FCPATH\index.php(67): CodeIgniter\CodeIgniter->run()
 8 SYSTEMPATH\Commands\Server\rewrite.php(47): require_once('FCPATH\\index.php')
INFO - 2023-04-05 15:34:11 --> Session: Class initialized using 'CodeIgniter\Session\Handlers\FileHandler' driver.
INFO - 2023-04-05 15:34:12 --> Session: Class initialized using 'CodeIgniter\Session\Handlers\FileHandler' driver.
CRITICAL - 2023-04-05 15:35:01 --> Invalid file: "tft/create.php"
in SYSTEMPATH\Exceptions\FrameworkException.php on line 33.
 1 SYSTEMPATH\View\View.php(201): CodeIgniter\Exceptions\FrameworkException::forInvalidFile('tft/create.php')
 2 SYSTEMPATH\Common.php(1177): CodeIgniter\View\View->render('tft/create', [], true)
 3 APPPATH\Controllers\tftController.php(37): view('tft/create')
 4 SYSTEMPATH\CodeIgniter.php(934): App\Controllers\tftController->create()
 5 SYSTEMPATH\CodeIgniter.php(499): CodeIgniter\CodeIgniter->runController(Object(App\Controllers\tftController))
 6 SYSTEMPATH\CodeIgniter.php(368): CodeIgniter\CodeIgniter->handleRequest(null, Object(Config\Cache), false)
 7 FCPATH\index.php(67): CodeIgniter\CodeIgniter->run()
 8 SYSTEMPATH\Commands\Server\rewrite.php(47): require_once('FCPATH\\index.php')
INFO - 2023-04-05 15:35:47 --> Session: Class initialized using 'CodeIgniter\Session\Handlers\FileHandler' driver.
INFO - 2023-04-05 15:35:48 --> Session: Class initialized using 'CodeIgniter\Session\Handlers\FileHandler' driver.
INFO - 2023-04-05 15:35:54 --> Session: Class initialized using 'CodeIgniter\Session\Handlers\FileHandler' driver.
INFO - 2023-04-05 15:35:55 --> Session: Class initialized using 'CodeIgniter\Session\Handlers\FileHandler' driver.
INFO - 2023-04-05 15:35:55 --> Session: Class initialized using 'CodeIgniter\Session\Handlers\FileHandler' driver.
INFO - 2023-04-05 15:36:03 --> Session: Class initialized using 'CodeIgniter\Session\Handlers\FileHandler' driver.
INFO - 2023-04-05 15:36:03 --> CSRF token verified.
INFO - 2023-04-05 15:36:03 --> Session: Class initialized using 'CodeIgniter\Session\Handlers\FileHandler' driver.
INFO - 2023-04-05 15:36:04 --> Session: Class initialized using 'CodeIgniter\Session\Handlers\FileHandler' driver.
CRITICAL - 2023-04-05 15:36:26 --> Undefined variable $lastSadTime
in APPPATH\Views\tft\index.php on line 66.
 1 APPPATH\Views\tft\index.php(66): CodeIgniter\Debug\Exceptions->errorHandler(2, 'Undefined variable $lastSadTime', 'APPPATH\\Views\\tft\\index.php', 66)
 2 SYSTEMPATH\View\View.php(213): include('APPPATH\\Views\\tft\\index.php')
 3 SYSTEMPATH\View\View.php(216): CodeIgniter\View\View->CodeIgniter\View\{closure}()
 4 SYSTEMPATH\Common.php(1177): CodeIgniter\View\View->render('tft/index', [], true)
 5 APPPATH\Controllers\tftController.php(23): view('tft/index')
 6 SYSTEMPATH\CodeIgniter.php(934): App\Controllers\tftController->index()
 7 SYSTEMPATH\CodeIgniter.php(499): CodeIgniter\CodeIgniter->runController(Object(App\Controllers\tftController))
 8 SYSTEMPATH\CodeIgniter.php(368): CodeIgniter\CodeIgniter->handleRequest(null, Object(Config\Cache), false)
 9 FCPATH\index.php(67): CodeIgniter\CodeIgniter->run()
CRITICAL - 2023-04-05 15:36:34 --> Undefined variable $lastSadTime
in APPPATH\Views\tft\index.php on line 66.
 1 APPPATH\Views\tft\index.php(66): CodeIgniter\Debug\Exceptions->errorHandler(2, 'Undefined variable $lastSadTime', 'APPPATH\\Views\\tft\\index.php', 66)
 2 SYSTEMPATH\View\View.php(213): include('APPPATH\\Views\\tft\\index.php')
 3 SYSTEMPATH\View\View.php(216): CodeIgniter\View\View->CodeIgniter\View\{closure}()
 4 SYSTEMPATH\Common.php(1177): CodeIgniter\View\View->render('tft/index', [], true)
 5 APPPATH\Controllers\tftController.php(23): view('tft/index')
 6 SYSTEMPATH\CodeIgniter.php(934): App\Controllers\tftController->index()
 7 SYSTEMPATH\CodeIgniter.php(499): CodeIgniter\CodeIgniter->runController(Object(App\Controllers\tftController))
 8 SYSTEMPATH\CodeIgniter.php(368): CodeIgniter\CodeIgniter->handleRequest(null, Object(Config\Cache), false)
 9 FCPATH\index.php(67): CodeIgniter\CodeIgniter->run()
CRITICAL - 2023-04-05 15:36:38 --> Undefined variable $lastSadTime
in APPPATH\Views\tft\index.php on line 66.
 1 APPPATH\Views\tft\index.php(66): CodeIgniter\Debug\Exceptions->errorHandler(2, 'Undefined variable $lastSadTime', 'APPPATH\\Views\\tft\\index.php', 66)
 2 SYSTEMPATH\View\View.php(213): include('APPPATH\\Views\\tft\\index.php')
 3 SYSTEMPATH\View\View.php(216): CodeIgniter\View\View->CodeIgniter\View\{closure}()
 4 SYSTEMPATH\Common.php(1177): CodeIgniter\View\View->render('tft/index', [], true)
 5 APPPATH\Controllers\tftController.php(23): view('tft/index')
 6 SYSTEMPATH\CodeIgniter.php(934): App\Controllers\tftController->index()
 7 SYSTEMPATH\CodeIgniter.php(499): CodeIgniter\CodeIgniter->runController(Object(App\Controllers\tftController))
 8 SYSTEMPATH\CodeIgniter.php(368): CodeIgniter\CodeIgniter->handleRequest(null, Object(Config\Cache), false)
 9 FCPATH\index.php(67): CodeIgniter\CodeIgniter->run()
CRITICAL - 2023-04-05 15:36:51 --> Undefined variable $lastSadTime
in APPPATH\Views\tft\index.php on line 66.
 1 APPPATH\Views\tft\index.php(66): CodeIgniter\Debug\Exceptions->errorHandler(2, 'Undefined variable $lastSadTime', 'APPPATH\\Views\\tft\\index.php', 66)
 2 SYSTEMPATH\View\View.php(213): include('APPPATH\\Views\\tft\\index.php')
 3 SYSTEMPATH\View\View.php(216): CodeIgniter\View\View->CodeIgniter\View\{closure}()
 4 SYSTEMPATH\Common.php(1177): CodeIgniter\View\View->render('tft/index', [], true)
 5 APPPATH\Controllers\tftController.php(23): view('tft/index')
 6 SYSTEMPATH\CodeIgniter.php(934): App\Controllers\tftController->index()
 7 SYSTEMPATH\CodeIgniter.php(499): CodeIgniter\CodeIgniter->runController(Object(App\Controllers\tftController))
 8 SYSTEMPATH\CodeIgniter.php(368): CodeIgniter\CodeIgniter->handleRequest(null, Object(Config\Cache), false)
 9 FCPATH\index.php(67): CodeIgniter\CodeIgniter->run()
CRITICAL - 2023-04-05 15:37:03 --> Undefined variable $lastSadTime
in APPPATH\Views\tft\index.php on line 66.
 1 APPPATH\Views\tft\index.php(66): CodeIgniter\Debug\Exceptions->errorHandler(2, 'Undefined variable $lastSadTime', 'APPPATH\\Views\\tft\\index.php', 66)
 2 SYSTEMPATH\View\View.php(213): include('APPPATH\\Views\\tft\\index.php')
 3 SYSTEMPATH\View\View.php(216): CodeIgniter\View\View->CodeIgniter\View\{closure}()
 4 SYSTEMPATH\Common.php(1177): CodeIgniter\View\View->render('tft/index', [], true)
 5 APPPATH\Controllers\tftController.php(23): view('tft/index')
 6 SYSTEMPATH\CodeIgniter.php(934): App\Controllers\tftController->index()
 7 SYSTEMPATH\CodeIgniter.php(499): CodeIgniter\CodeIgniter->runController(Object(App\Controllers\tftController))
 8 SYSTEMPATH\CodeIgniter.php(368): CodeIgniter\CodeIgniter->handleRequest(null, Object(Config\Cache), false)
 9 FCPATH\index.php(67): CodeIgniter\CodeIgniter->run()
CRITICAL - 2023-04-05 15:37:14 --> Undefined variable $lastSadTime
in APPPATH\Views\tft\index.php on line 66.
 1 APPPATH\Views\tft\index.php(66): CodeIgniter\Debug\Exceptions->errorHandler(2, 'Undefined variable $lastSadTime', 'APPPATH\\Views\\tft\\index.php', 66)
 2 SYSTEMPATH\View\View.php(213): include('APPPATH\\Views\\tft\\index.php')
 3 SYSTEMPATH\View\View.php(216): CodeIgniter\View\View->CodeIgniter\View\{closure}()
 4 SYSTEMPATH\Common.php(1177): CodeIgniter\View\View->render('tft/index', [], true)
 5 APPPATH\Controllers\tftController.php(23): view('tft/index')
 6 SYSTEMPATH\CodeIgniter.php(934): App\Controllers\tftController->index()
 7 SYSTEMPATH\CodeIgniter.php(499): CodeIgniter\CodeIgniter->runController(Object(App\Controllers\tftController))
 8 SYSTEMPATH\CodeIgniter.php(368): CodeIgniter\CodeIgniter->handleRequest(null, Object(Config\Cache), false)
 9 FCPATH\index.php(67): CodeIgniter\CodeIgniter->run()
CRITICAL - 2023-04-05 15:37:23 --> Undefined variable $lastSadTime
in APPPATH\Views\tft\index.php on line 66.
 1 APPPATH\Views\tft\index.php(66): CodeIgniter\Debug\Exceptions->errorHandler(2, 'Undefined variable $lastSadTime', 'APPPATH\\Views\\tft\\index.php', 66)
 2 SYSTEMPATH\View\View.php(213): include('APPPATH\\Views\\tft\\index.php')
 3 SYSTEMPATH\View\View.php(216): CodeIgniter\View\View->CodeIgniter\View\{closure}()
 4 SYSTEMPATH\Common.php(1177): CodeIgniter\View\View->render('tft/index', [], true)
 5 APPPATH\Controllers\tftController.php(23): view('tft/index')
 6 SYSTEMPATH\CodeIgniter.php(934): App\Controllers\tftController->index()
 7 SYSTEMPATH\CodeIgniter.php(499): CodeIgniter\CodeIgniter->runController(Object(App\Controllers\tftController))
 8 SYSTEMPATH\CodeIgniter.php(368): CodeIgniter\CodeIgniter->handleRequest(null, Object(Config\Cache), false)
 9 FCPATH\index.php(67): CodeIgniter\CodeIgniter->run()
INFO - 2023-04-05 15:37:26 --> Session: Class initialized using 'CodeIgniter\Session\Handlers\FileHandler' driver.
INFO - 2023-04-05 15:37:27 --> Session: Class initialized using 'CodeIgniter\Session\Handlers\FileHandler' driver.
CRITICAL - 2023-04-05 15:37:36 --> Undefined variable $lastSadTime
in APPPATH\Views\tft\index.php on line 66.
 1 APPPATH\Views\tft\index.php(66): CodeIgniter\Debug\Exceptions->errorHandler(2, 'Undefined variable $lastSadTime', 'APPPATH\\Views\\tft\\index.php', 66)
 2 SYSTEMPATH\View\View.php(213): include('APPPATH\\Views\\tft\\index.php')
 3 SYSTEMPATH\View\View.php(216): CodeIgniter\View\View->CodeIgniter\View\{closure}()
 4 SYSTEMPATH\Common.php(1177): CodeIgniter\View\View->render('tft/index', [], true)
 5 APPPATH\Controllers\tftController.php(23): view('tft/index')
 6 SYSTEMPATH\CodeIgniter.php(934): App\Controllers\tftController->index()
 7 SYSTEMPATH\CodeIgniter.php(499): CodeIgniter\CodeIgniter->runController(Object(App\Controllers\tftController))
 8 SYSTEMPATH\CodeIgniter.php(368): CodeIgniter\CodeIgniter->handleRequest(null, Object(Config\Cache), false)
 9 FCPATH\index.php(67): CodeIgniter\CodeIgniter->run()
CRITICAL - 2023-04-05 15:37:37 --> Undefined variable $lastSadTime
in APPPATH\Views\tft\index.php on line 66.
 1 APPPATH\Views\tft\index.php(66): CodeIgniter\Debug\Exceptions->errorHandler(2, 'Undefined variable $lastSadTime', 'APPPATH\\Views\\tft\\index.php', 66)
 2 SYSTEMPATH\View\View.php(213): include('APPPATH\\Views\\tft\\index.php')
 3 SYSTEMPATH\View\View.php(216): CodeIgniter\View\View->CodeIgniter\View\{closure}()
 4 SYSTEMPATH\Common.php(1177): CodeIgniter\View\View->render('tft/index', [], true)
 5 APPPATH\Controllers\tftController.php(23): view('tft/index')
 6 SYSTEMPATH\CodeIgniter.php(934): App\Controllers\tftController->index()
 7 SYSTEMPATH\CodeIgniter.php(499): CodeIgniter\CodeIgniter->runController(Object(App\Controllers\tftController))
 8 SYSTEMPATH\CodeIgniter.php(368): CodeIgniter\CodeIgniter->handleRequest(null, Object(Config\Cache), false)
 9 FCPATH\index.php(67): CodeIgniter\CodeIgniter->run()
CRITICAL - 2023-04-05 15:37:38 --> Undefined variable $lastSadTime
in APPPATH\Views\tft\index.php on line 66.
 1 APPPATH\Views\tft\index.php(66): CodeIgniter\Debug\Exceptions->errorHandler(2, 'Undefined variable $lastSadTime', 'APPPATH\\Views\\tft\\index.php', 66)
 2 SYSTEMPATH\View\View.php(213): include('APPPATH\\Views\\tft\\index.php')
 3 SYSTEMPATH\View\View.php(216): CodeIgniter\View\View->CodeIgniter\View\{closure}()
 4 SYSTEMPATH\Common.php(1177): CodeIgniter\View\View->render('tft/index', [], true)
 5 APPPATH\Controllers\tftController.php(23): view('tft/index')
 6 SYSTEMPATH\CodeIgniter.php(934): App\Controllers\tftController->index()
 7 SYSTEMPATH\CodeIgniter.php(499): CodeIgniter\CodeIgniter->runController(Object(App\Controllers\tftController))
 8 SYSTEMPATH\CodeIgniter.php(368): CodeIgniter\CodeIgniter->handleRequest(null, Object(Config\Cache), false)
 9 FCPATH\index.php(67): CodeIgniter\CodeIgniter->run()
INFO - 2023-04-05 15:37:49 --> Session: Class initialized using 'CodeIgniter\Session\Handlers\FileHandler' driver.
INFO - 2023-04-05 15:37:50 --> Session: Class initialized using 'CodeIgniter\Session\Handlers\FileHandler' driver.
INFO - 2023-04-05 15:38:19 --> Session: Class initialized using 'CodeIgniter\Session\Handlers\FileHandler' driver.
INFO - 2023-04-05 15:38:19 --> Session: Class initialized using 'CodeIgniter\Session\Handlers\FileHandler' driver.
INFO - 2023-04-05 15:40:19 --> Session: Class initialized using 'CodeIgniter\Session\Handlers\FileHandler' driver.
INFO - 2023-04-05 15:40:19 --> Session: Class initialized using 'CodeIgniter\Session\Handlers\FileHandler' driver.
INFO - 2023-04-05 15:51:45 --> Session: Class initialized using 'CodeIgniter\Session\Handlers\FileHandler' driver.
INFO - 2023-04-05 15:51:45 --> Session: Class initialized using 'CodeIgniter\Session\Handlers\FileHandler' driver.
INFO - 2023-04-05 15:51:45 --> Session: Class initialized using 'CodeIgniter\Session\Handlers\FileHandler' driver.
INFO - 2023-04-05 15:51:47 --> Session: Class initialized using 'CodeIgniter\Session\Handlers\FileHandler' driver.
INFO - 2023-04-05 15:51:47 --> Session: Class initialized using 'CodeIgniter\Session\Handlers\FileHandler' driver.
INFO - 2023-04-05 15:51:49 --> Session: Class initialized using 'CodeIgniter\Session\Handlers\FileHandler' driver.
INFO - 2023-04-05 15:51:50 --> Session: Class initialized using 'CodeIgniter\Session\Handlers\FileHandler' driver.
INFO - 2023-04-05 15:51:50 --> Session: Class initialized using 'CodeIgniter\Session\Handlers\FileHandler' driver.
INFO - 2023-04-05 15:51:51 --> Session: Class initialized using 'CodeIgniter\Session\Handlers\FileHandler' driver.
INFO - 2023-04-05 15:52:15 --> Session: Class initialized using 'CodeIgniter\Session\Handlers\FileHandler' driver.
INFO - 2023-04-05 15:52:16 --> Session: Class initialized using 'CodeIgniter\Session\Handlers\FileHandler' driver.
INFO - 2023-04-05 15:52:17 --> Session: Class initialized using 'CodeIgniter\Session\Handlers\FileHandler' driver.
INFO - 2023-04-05 15:52:17 --> CSRF token verified.
CRITICAL - 2023-04-05 15:52:17 --> Attempt to read property "id" on null
in APPPATH\Controllers\tftController.php on line 43.
 1 APPPATH\Controllers\tftController.php(43): CodeIgniter\Debug\Exceptions->errorHandler(2, 'Attempt to read property "id" on null', 'APPPATH\\Controllers\\tftController.php', 43)
 2 SYSTEMPATH\CodeIgniter.php(934): App\Controllers\tftController->create()
 3 SYSTEMPATH\CodeIgniter.php(499): CodeIgniter\CodeIgniter->runController(Object(App\Controllers\tftController))
 4 SYSTEMPATH\CodeIgniter.php(368): CodeIgniter\CodeIgniter->handleRequest(null, Object(Config\Cache), false)
 5 FCPATH\index.php(67): CodeIgniter\CodeIgniter->run()
 6 SYSTEMPATH\Commands\Server\rewrite.php(47): require_once('FCPATH\\index.php')
INFO - 2023-04-05 16:01:19 --> Session: Class initialized using 'CodeIgniter\Session\Handlers\FileHandler' driver.
INFO - 2023-04-05 16:01:19 --> Session: Class initialized using 'CodeIgniter\Session\Handlers\FileHandler' driver.
INFO - 2023-04-05 16:01:20 --> Session: Class initialized using 'CodeIgniter\Session\Handlers\FileHandler' driver.
INFO - 2023-04-05 16:01:23 --> Session: Class initialized using 'CodeIgniter\Session\Handlers\FileHandler' driver.
INFO - 2023-04-05 16:01:23 --> Session: Class initialized using 'CodeIgniter\Session\Handlers\FileHandler' driver.
INFO - 2023-04-05 16:01:40 --> Session: Class initialized using 'CodeIgniter\Session\Handlers\FileHandler' driver.
INFO - 2023-04-05 16:01:40 --> CSRF token verified.
INFO - 2023-04-05 16:01:40 --> Session: Class initialized using 'CodeIgniter\Session\Handlers\FileHandler' driver.
INFO - 2023-04-05 16:01:41 --> Session: Class initialized using 'CodeIgniter\Session\Handlers\FileHandler' driver.
INFO - 2023-04-05 16:01:50 --> Session: Class initialized using 'CodeIgniter\Session\Handlers\FileHandler' driver.
INFO - 2023-04-05 16:01:50 --> CSRF token verified.
INFO - 2023-04-05 16:01:51 --> Session: Class initialized using 'CodeIgniter\Session\Handlers\FileHandler' driver.
INFO - 2023-04-05 16:01:51 --> Session: Class initialized using 'CodeIgniter\Session\Handlers\FileHandler' driver.
INFO - 2023-04-05 16:02:05 --> Session: Class initialized using 'CodeIgniter\Session\Handlers\FileHandler' driver.
INFO - 2023-04-05 16:02:05 --> CSRF token verified.
INFO - 2023-04-05 16:02:06 --> Session: Class initialized using 'CodeIgniter\Session\Handlers\FileHandler' driver.
INFO - 2023-04-05 16:02:07 --> Session: Class initialized using 'CodeIgniter\Session\Handlers\FileHandler' driver.
INFO - 2023-04-05 16:08:33 --> Session: Class initialized using 'CodeIgniter\Session\Handlers\FileHandler' driver.
INFO - 2023-04-05 16:08:34 --> Session: Class initialized using 'CodeIgniter\Session\Handlers\FileHandler' driver.
INFO - 2023-04-05 16:08:34 --> Session: Class initialized using 'CodeIgniter\Session\Handlers\FileHandler' driver.
INFO - 2023-04-05 16:08:35 --> Session: Class initialized using 'CodeIgniter\Session\Handlers\FileHandler' driver.
INFO - 2023-04-05 16:08:35 --> Session: Class initialized using 'CodeIgniter\Session\Handlers\FileHandler' driver.
INFO - 2023-04-05 16:08:49 --> Session: Class initialized using 'CodeIgniter\Session\Handlers\FileHandler' driver.
INFO - 2023-04-05 16:08:49 --> CSRF token verified.
INFO - 2023-04-05 16:08:50 --> Session: Class initialized using 'CodeIgniter\Session\Handlers\FileHandler' driver.
INFO - 2023-04-05 16:08:51 --> Session: Class initialized using 'CodeIgniter\Session\Handlers\FileHandler' driver.
INFO - 2023-04-05 16:09:21 --> Session: Class initialized using 'CodeIgniter\Session\Handlers\FileHandler' driver.
INFO - 2023-04-05 16:09:21 --> Session: Class initialized using 'CodeIgniter\Session\Handlers\FileHandler' driver.
INFO - 2023-04-05 16:10:26 --> Session: Class initialized using 'CodeIgniter\Session\Handlers\FileHandler' driver.
INFO - 2023-04-05 16:10:26 --> Session: Class initialized using 'CodeIgniter\Session\Handlers\FileHandler' driver.
INFO - 2023-04-05 16:10:32 --> Session: Class initialized using 'CodeIgniter\Session\Handlers\FileHandler' driver.
INFO - 2023-04-05 16:10:32 --> Session: Class initialized using 'CodeIgniter\Session\Handlers\FileHandler' driver.
INFO - 2023-04-05 16:11:32 --> Session: Class initialized using 'CodeIgniter\Session\Handlers\FileHandler' driver.
INFO - 2023-04-05 16:11:33 --> Session: Class initialized using 'CodeIgniter\Session\Handlers\FileHandler' driver.
CRITICAL - 2023-04-05 16:50:11 --> Call to undefined method CodeIgniter\View\View::isLoggedIn()
in APPPATH\Views\tft\index.php on line 70.
 1 SYSTEMPATH\View\View.php(213): include()
 2 SYSTEMPATH\View\View.php(216): CodeIgniter\View\View->CodeIgniter\View\{closure}()
 3 SYSTEMPATH\Common.php(1177): CodeIgniter\View\View->render('tft/index', [], true)
 4 APPPATH\Controllers\tftController.php(23): view('tft/index')
 5 SYSTEMPATH\CodeIgniter.php(934): App\Controllers\tftController->index()
 6 SYSTEMPATH\CodeIgniter.php(499): CodeIgniter\CodeIgniter->runController(Object(App\Controllers\tftController))
 7 SYSTEMPATH\CodeIgniter.php(368): CodeIgniter\CodeIgniter->handleRequest(null, Object(Config\Cache), false)
 8 FCPATH\index.php(67): CodeIgniter\CodeIgniter->run()
INFO - 2023-04-05 16:53:21 --> Session: Class initialized using 'CodeIgniter\Session\Handlers\FileHandler' driver.
INFO - 2023-04-05 16:53:21 --> Session: Class initialized using 'CodeIgniter\Session\Handlers\FileHandler' driver.
INFO - 2023-04-05 16:53:43 --> Session: Class initialized using 'CodeIgniter\Session\Handlers\FileHandler' driver.
INFO - 2023-04-05 16:53:43 --> Session: Class initialized using 'CodeIgniter\Session\Handlers\FileHandler' driver.
INFO - 2023-04-05 16:53:44 --> Session: Class initialized using 'CodeIgniter\Session\Handlers\FileHandler' driver.
INFO - 2023-04-05 16:53:46 --> Session: Class initialized using 'CodeIgniter\Session\Handlers\FileHandler' driver.
INFO - 2023-04-05 16:53:47 --> Session: Class initialized using 'CodeIgniter\Session\Handlers\FileHandler' driver.
INFO - 2023-04-05 16:53:55 --> Session: Class initialized using 'CodeIgniter\Session\Handlers\FileHandler' driver.
INFO - 2023-04-05 16:53:55 --> Session: Class initialized using 'CodeIgniter\Session\Handlers\FileHandler' driver.
INFO - 2023-04-05 16:53:55 --> Session: Class initialized using 'CodeIgniter\Session\Handlers\FileHandler' driver.
INFO - 2023-04-05 16:53:57 --> Session: Class initialized using 'CodeIgniter\Session\Handlers\FileHandler' driver.
INFO - 2023-04-05 16:53:58 --> Session: Class initialized using 'CodeIgniter\Session\Handlers\FileHandler' driver.
INFO - 2023-04-05 16:54:21 --> Session: Class initialized using 'CodeIgniter\Session\Handlers\FileHandler' driver.
INFO - 2023-04-05 16:54:22 --> Session: Class initialized using 'CodeIgniter\Session\Handlers\FileHandler' driver.
INFO - 2023-04-05 16:54:22 --> Session: Class initialized using 'CodeIgniter\Session\Handlers\FileHandler' driver.
INFO - 2023-04-05 16:54:23 --> Session: Class initialized using 'CodeIgniter\Session\Handlers\FileHandler' driver.
INFO - 2023-04-05 16:54:47 --> Session: Class initialized using 'CodeIgniter\Session\Handlers\FileHandler' driver.
INFO - 2023-04-05 16:54:48 --> Session: Class initialized using 'CodeIgniter\Session\Handlers\FileHandler' driver.
INFO - 2023-04-05 16:54:48 --> Session: Class initialized using 'CodeIgniter\Session\Handlers\FileHandler' driver.
INFO - 2023-04-05 16:54:49 --> Session: Class initialized using 'CodeIgniter\Session\Handlers\FileHandler' driver.
