CRITICAL - 2023-02-10 08:16:34 --> Class "App\Controllers\PageNotFoundException" not found
in APPPATH\Controllers\Pages.php on line 16.
 1 SYSTEMPATH\CodeIgniter.php(934): App\Controllers\Pages->view('view')
 2 SYSTEMPATH\CodeIgniter.php(499): CodeIgniter\CodeIgniter->runController(Object(App\Controllers\Pages))
 3 SYSTEMPATH\CodeIgniter.php(368): CodeIgniter\CodeIgniter->handleRequest(null, Object(Config\Cache), false)
 4 FCPATH\index.php(67): CodeIgniter\CodeIgniter->run()
 5 SYSTEMPATH\Commands\Server\rewrite.php(47): require_once('FCPATH\\index.php')
CRITICAL - 2023-02-10 08:16:40 --> Class "App\Controllers\PageNotFoundException" not found
in APPPATH\Controllers\Pages.php on line 16.
 1 SYSTEMPATH\CodeIgniter.php(934): App\Controllers\Pages->view('index')
 2 SYSTEMPATH\CodeIgniter.php(499): CodeIgniter\CodeIgniter->runController(Object(App\Controllers\Pages))
 3 SYSTEMPATH\CodeIgniter.php(368): CodeIgniter\CodeIgniter->handleRequest(null, Object(Config\Cache), false)
 4 FCPATH\index.php(67): CodeIgniter\CodeIgniter->run()
 5 SYSTEMPATH\Commands\Server\rewrite.php(47): require_once('FCPATH\\index.php')
CRITICAL - 2023-02-10 08:19:21 --> Invalid file: "news/index .php"
in SYSTEMPATH\Exceptions\FrameworkException.php on line 33.
 1 SYSTEMPATH\View\View.php(201): CodeIgniter\Exceptions\FrameworkException::forInvalidFile('news/index .php')
 2 SYSTEMPATH\Common.php(1177): CodeIgniter\View\View->render('news/index ', [], true)
 3 APPPATH\Controllers\NewsController.php(19): view('news/index ')
 4 SYSTEMPATH\CodeIgniter.php(934): App\Controllers\NewsController->index()
 5 SYSTEMPATH\CodeIgniter.php(499): CodeIgniter\CodeIgniter->runController(Object(App\Controllers\NewsController))
 6 SYSTEMPATH\CodeIgniter.php(368): CodeIgniter\CodeIgniter->handleRequest(null, Object(Config\Cache), false)
 7 FCPATH\index.php(67): CodeIgniter\CodeIgniter->run()
 8 SYSTEMPATH\Commands\Server\rewrite.php(47): require_once('FCPATH\\index.php')
CRITICAL - 2023-02-10 08:19:42 --> Class "App\Controllers\PageNotFoundException" not found
in APPPATH\Controllers\Pages.php on line 16.
 1 SYSTEMPATH\CodeIgniter.php(934): App\Controllers\Pages->view('home')
 2 SYSTEMPATH\CodeIgniter.php(499): CodeIgniter\CodeIgniter->runController(Object(App\Controllers\Pages))
 3 SYSTEMPATH\CodeIgniter.php(368): CodeIgniter\CodeIgniter->handleRequest(null, Object(Config\Cache), false)
 4 FCPATH\index.php(67): CodeIgniter\CodeIgniter->run()
 5 SYSTEMPATH\Commands\Server\rewrite.php(47): require_once('FCPATH\\index.php')
CRITICAL - 2023-02-10 08:19:50 --> Class "App\Controllers\PageNotFoundException" not found
in APPPATH\Controllers\Pages.php on line 16.
 1 SYSTEMPATH\CodeIgniter.php(934): App\Controllers\Pages->view('home')
 2 SYSTEMPATH\CodeIgniter.php(499): CodeIgniter\CodeIgniter->runController(Object(App\Controllers\Pages))
 3 SYSTEMPATH\CodeIgniter.php(368): CodeIgniter\CodeIgniter->handleRequest(null, Object(Config\Cache), false)
 4 FCPATH\index.php(67): CodeIgniter\CodeIgniter->run()
 5 SYSTEMPATH\Commands\Server\rewrite.php(47): require_once('FCPATH\\index.php')
CRITICAL - 2023-02-10 08:19:50 --> Class "App\Controllers\PageNotFoundException" not found
in APPPATH\Controllers\Pages.php on line 16.
 1 SYSTEMPATH\CodeIgniter.php(934): App\Controllers\Pages->view('home')
 2 SYSTEMPATH\CodeIgniter.php(499): CodeIgniter\CodeIgniter->runController(Object(App\Controllers\Pages))
 3 SYSTEMPATH\CodeIgniter.php(368): CodeIgniter\CodeIgniter->handleRequest(null, Object(Config\Cache), false)
 4 FCPATH\index.php(67): CodeIgniter\CodeIgniter->run()
 5 SYSTEMPATH\Commands\Server\rewrite.php(47): require_once('FCPATH\\index.php')
CRITICAL - 2023-02-10 08:19:54 --> Class "App\Controllers\PageNotFoundException" not found
in APPPATH\Controllers\Pages.php on line 16.
 1 SYSTEMPATH\CodeIgniter.php(934): App\Controllers\Pages->view('home')
 2 SYSTEMPATH\CodeIgniter.php(499): CodeIgniter\CodeIgniter->runController(Object(App\Controllers\Pages))
 3 SYSTEMPATH\CodeIgniter.php(368): CodeIgniter\CodeIgniter->handleRequest(null, Object(Config\Cache), false)
 4 FCPATH\index.php(67): CodeIgniter\CodeIgniter->run()
 5 SYSTEMPATH\Commands\Server\rewrite.php(47): require_once('FCPATH\\index.php')
CRITICAL - 2023-02-10 08:19:55 --> Invalid file: "pages/home.php"
in SYSTEMPATH\Exceptions\FrameworkException.php on line 33.
 1 SYSTEMPATH\View\View.php(201): CodeIgniter\Exceptions\FrameworkException::forInvalidFile('pages/home.php')
 2 SYSTEMPATH\Common.php(1177): CodeIgniter\View\View->render('pages/home', [], true)
 3 APPPATH\Controllers\Pages.php(22): view('pages/home')
 4 SYSTEMPATH\CodeIgniter.php(934): App\Controllers\Pages->view('home')
 5 SYSTEMPATH\CodeIgniter.php(499): CodeIgniter\CodeIgniter->runController(Object(App\Controllers\Pages))
 6 SYSTEMPATH\CodeIgniter.php(368): CodeIgniter\CodeIgniter->handleRequest(null, Object(Config\Cache), false)
 7 FCPATH\index.php(67): CodeIgniter\CodeIgniter->run()
 8 SYSTEMPATH\Commands\Server\rewrite.php(47): require_once('FCPATH\\index.php')
CRITICAL - 2023-02-10 08:19:55 --> Invalid file: "pages/home.php"
in SYSTEMPATH\Exceptions\FrameworkException.php on line 33.
 1 SYSTEMPATH\View\View.php(201): CodeIgniter\Exceptions\FrameworkException::forInvalidFile('pages/home.php')
 2 SYSTEMPATH\Common.php(1177): CodeIgniter\View\View->render('pages/home', [], true)
 3 APPPATH\Controllers\Pages.php(22): view('pages/home')
 4 SYSTEMPATH\CodeIgniter.php(934): App\Controllers\Pages->view('home')
 5 SYSTEMPATH\CodeIgniter.php(499): CodeIgniter\CodeIgniter->runController(Object(App\Controllers\Pages))
 6 SYSTEMPATH\CodeIgniter.php(368): CodeIgniter\CodeIgniter->handleRequest(null, Object(Config\Cache), false)
 7 FCPATH\index.php(67): CodeIgniter\CodeIgniter->run()
 8 SYSTEMPATH\Commands\Server\rewrite.php(47): require_once('FCPATH\\index.php')
CRITICAL - 2023-02-10 08:24:35 --> Namespace declaration statement has to be the very first statement or after any declare call in the script
in APPPATH\Config\Routes.php on line 11.
 1 [internal function]: CodeIgniter\Debug\Exceptions->shutdownHandler()
CRITICAL - 2023-02-10 08:24:36 --> Namespace declaration statement has to be the very first statement or after any declare call in the script
in APPPATH\Config\Routes.php on line 11.
 1 [internal function]: CodeIgniter\Debug\Exceptions->shutdownHandler()
CRITICAL - 2023-02-10 08:24:47 --> Namespace declaration statement has to be the very first statement or after any declare call in the script
in APPPATH\Config\Routes.php on line 11.
 1 [internal function]: CodeIgniter\Debug\Exceptions->shutdownHandler()
CRITICAL - 2023-02-10 08:26:02 --> Namespace declaration statement has to be the very first statement or after any declare call in the script
in APPPATH\Config\Routes.php on line 5.
 1 [internal function]: CodeIgniter\Debug\Exceptions->shutdownHandler()
CRITICAL - 2023-02-10 08:26:02 --> Namespace declaration statement has to be the very first statement or after any declare call in the script
in APPPATH\Config\Routes.php on line 5.
 1 [internal function]: CodeIgniter\Debug\Exceptions->shutdownHandler()
CRITICAL - 2023-02-10 08:26:04 --> Namespace declaration statement has to be the very first statement or after any declare call in the script
in APPPATH\Config\Routes.php on line 5.
 1 [internal function]: CodeIgniter\Debug\Exceptions->shutdownHandler()
CRITICAL - 2023-02-10 08:26:43 --> Namespace declaration statement has to be the very first statement or after any declare call in the script
in APPPATH\Config\Routes.php on line 5.
 1 [internal function]: CodeIgniter\Debug\Exceptions->shutdownHandler()
CRITICAL - 2023-02-10 08:26:43 --> Namespace declaration statement has to be the very first statement or after any declare call in the script
in APPPATH\Config\Routes.php on line 5.
 1 [internal function]: CodeIgniter\Debug\Exceptions->shutdownHandler()
CRITICAL - 2023-02-10 08:30:39 --> Trying to access array offset on value of type null
in APPPATH\Controllers\NewsController.php on line 74.
 1 APPPATH\Controllers\NewsController.php(74): CodeIgniter\Debug\Exceptions->errorHandler(2, 'Trying to access array offset on value of type null', 'APPPATH\\Controllers\\NewsController.php', 74)
 2 SYSTEMPATH\CodeIgniter.php(934): App\Controllers\NewsController->view('create')
 3 SYSTEMPATH\CodeIgniter.php(499): CodeIgniter\CodeIgniter->runController(Object(App\Controllers\NewsController))
 4 SYSTEMPATH\CodeIgniter.php(368): CodeIgniter\CodeIgniter->handleRequest(null, Object(Config\Cache), false)
 5 FCPATH\index.php(67): CodeIgniter\CodeIgniter->run()
 6 SYSTEMPATH\Commands\Server\rewrite.php(47): require_once('FCPATH\\index.php')
CRITICAL - 2023-02-10 08:33:02 --> Trying to access array offset on value of type null
in APPPATH\Controllers\NewsController.php on line 74.
 1 APPPATH\Controllers\NewsController.php(74): CodeIgniter\Debug\Exceptions->errorHandler(2, 'Trying to access array offset on value of type null', 'APPPATH\\Controllers\\NewsController.php', 74)
 2 SYSTEMPATH\CodeIgniter.php(934): App\Controllers\NewsController->view('.create')
 3 SYSTEMPATH\CodeIgniter.php(499): CodeIgniter\CodeIgniter->runController(Object(App\Controllers\NewsController))
 4 SYSTEMPATH\CodeIgniter.php(368): CodeIgniter\CodeIgniter->handleRequest(null, Object(Config\Cache), false)
 5 FCPATH\index.php(67): CodeIgniter\CodeIgniter->run()
 6 SYSTEMPATH\Commands\Server\rewrite.php(47): require_once('FCPATH\\index.php')
CRITICAL - 2023-02-10 08:34:21 --> Class "App\Controllers\PageNotFoundException" not found
in APPPATH\Controllers\NewsController.php on line 71.
 1 SYSTEMPATH\CodeIgniter.php(934): App\Controllers\NewsController->view('.create')
 2 SYSTEMPATH\CodeIgniter.php(499): CodeIgniter\CodeIgniter->runController(Object(App\Controllers\NewsController))
 3 SYSTEMPATH\CodeIgniter.php(368): CodeIgniter\CodeIgniter->handleRequest(null, Object(Config\Cache), false)
 4 FCPATH\index.php(67): CodeIgniter\CodeIgniter->run()
 5 SYSTEMPATH\Commands\Server\rewrite.php(47): require_once('FCPATH\\index.php')
CRITICAL - 2023-02-10 08:35:21 --> Class "App\Controllers\PageNotFoundException" not found
in APPPATH\Controllers\NewsController.php on line 71.
 1 SYSTEMPATH\CodeIgniter.php(934): App\Controllers\NewsController->view('create')
 2 SYSTEMPATH\CodeIgniter.php(499): CodeIgniter\CodeIgniter->runController(Object(App\Controllers\NewsController))
 3 SYSTEMPATH\CodeIgniter.php(368): CodeIgniter\CodeIgniter->handleRequest(null, Object(Config\Cache), false)
 4 FCPATH\index.php(67): CodeIgniter\CodeIgniter->run()
 5 SYSTEMPATH\Commands\Server\rewrite.php(47): require_once('FCPATH\\index.php')
CRITICAL - 2023-02-10 08:35:26 --> Trying to access array offset on value of type null
in APPPATH\Controllers\NewsController.php on line 74.
 1 APPPATH\Controllers\NewsController.php(74): CodeIgniter\Debug\Exceptions->errorHandler(2, 'Trying to access array offset on value of type null', 'APPPATH\\Controllers\\NewsController.php', 74)
 2 SYSTEMPATH\CodeIgniter.php(934): App\Controllers\NewsController->view('create')
 3 SYSTEMPATH\CodeIgniter.php(499): CodeIgniter\CodeIgniter->runController(Object(App\Controllers\NewsController))
 4 SYSTEMPATH\CodeIgniter.php(368): CodeIgniter\CodeIgniter->handleRequest(null, Object(Config\Cache), false)
 5 FCPATH\index.php(67): CodeIgniter\CodeIgniter->run()
 6 SYSTEMPATH\Commands\Server\rewrite.php(47): require_once('FCPATH\\index.php')
CRITICAL - 2023-02-10 08:35:27 --> Trying to access array offset on value of type null
in APPPATH\Controllers\NewsController.php on line 74.
 1 APPPATH\Controllers\NewsController.php(74): CodeIgniter\Debug\Exceptions->errorHandler(2, 'Trying to access array offset on value of type null', 'APPPATH\\Controllers\\NewsController.php', 74)
 2 SYSTEMPATH\CodeIgniter.php(934): App\Controllers\NewsController->view('create')
 3 SYSTEMPATH\CodeIgniter.php(499): CodeIgniter\CodeIgniter->runController(Object(App\Controllers\NewsController))
 4 SYSTEMPATH\CodeIgniter.php(368): CodeIgniter\CodeIgniter->handleRequest(null, Object(Config\Cache), false)
 5 FCPATH\index.php(67): CodeIgniter\CodeIgniter->run()
 6 SYSTEMPATH\Commands\Server\rewrite.php(47): require_once('FCPATH\\index.php')
CRITICAL - 2023-02-10 08:36:09 --> Trying to access array offset on value of type null
in APPPATH\Controllers\NewsController.php on line 74.
 1 APPPATH\Controllers\NewsController.php(74): CodeIgniter\Debug\Exceptions->errorHandler(2, 'Trying to access array offset on value of type null', 'APPPATH\\Controllers\\NewsController.php', 74)
 2 SYSTEMPATH\CodeIgniter.php(934): App\Controllers\NewsController->view('create')
 3 SYSTEMPATH\CodeIgniter.php(499): CodeIgniter\CodeIgniter->runController(Object(App\Controllers\NewsController))
 4 SYSTEMPATH\CodeIgniter.php(368): CodeIgniter\CodeIgniter->handleRequest(null, Object(Config\Cache), false)
 5 FCPATH\index.php(67): CodeIgniter\CodeIgniter->run()
 6 SYSTEMPATH\Commands\Server\rewrite.php(47): require_once('FCPATH\\index.php')
CRITICAL - 2023-02-10 08:36:10 --> Trying to access array offset on value of type null
in APPPATH\Controllers\NewsController.php on line 74.
 1 APPPATH\Controllers\NewsController.php(74): CodeIgniter\Debug\Exceptions->errorHandler(2, 'Trying to access array offset on value of type null', 'APPPATH\\Controllers\\NewsController.php', 74)
 2 SYSTEMPATH\CodeIgniter.php(934): App\Controllers\NewsController->view('create')
 3 SYSTEMPATH\CodeIgniter.php(499): CodeIgniter\CodeIgniter->runController(Object(App\Controllers\NewsController))
 4 SYSTEMPATH\CodeIgniter.php(368): CodeIgniter\CodeIgniter->handleRequest(null, Object(Config\Cache), false)
 5 FCPATH\index.php(67): CodeIgniter\CodeIgniter->run()
 6 SYSTEMPATH\Commands\Server\rewrite.php(47): require_once('FCPATH\\index.php')
CRITICAL - 2023-02-10 08:36:44 --> Trying to access array offset on value of type null
in APPPATH\Controllers\NewsController.php on line 74.
 1 APPPATH\Controllers\NewsController.php(74): CodeIgniter\Debug\Exceptions->errorHandler(2, 'Trying to access array offset on value of type null', 'APPPATH\\Controllers\\NewsController.php', 74)
 2 SYSTEMPATH\CodeIgniter.php(934): App\Controllers\NewsController->view('create')
 3 SYSTEMPATH\CodeIgniter.php(499): CodeIgniter\CodeIgniter->runController(Object(App\Controllers\NewsController))
 4 SYSTEMPATH\CodeIgniter.php(368): CodeIgniter\CodeIgniter->handleRequest(null, Object(Config\Cache), false)
 5 FCPATH\index.php(67): CodeIgniter\CodeIgniter->run()
 6 SYSTEMPATH\Commands\Server\rewrite.php(47): require_once('FCPATH\\index.php')
CRITICAL - 2023-02-10 08:36:56 --> Class "App\Controllers\PageNotFoundException" not found
in APPPATH\Controllers\NewsController.php on line 71.
 1 SYSTEMPATH\CodeIgniter.php(934): App\Controllers\NewsController->view('create')
 2 SYSTEMPATH\CodeIgniter.php(499): CodeIgniter\CodeIgniter->runController(Object(App\Controllers\NewsController))
 3 SYSTEMPATH\CodeIgniter.php(368): CodeIgniter\CodeIgniter->handleRequest(null, Object(Config\Cache), false)
 4 FCPATH\index.php(67): CodeIgniter\CodeIgniter->run()
 5 SYSTEMPATH\Commands\Server\rewrite.php(47): require_once('FCPATH\\index.php')
CRITICAL - 2023-02-10 08:38:08 --> Class "App\Controllers\PageNotFoundException" not found
in APPPATH\Controllers\NewsController.php on line 71.
 1 SYSTEMPATH\CodeIgniter.php(934): App\Controllers\NewsController->view('create')
 2 SYSTEMPATH\CodeIgniter.php(499): CodeIgniter\CodeIgniter->runController(Object(App\Controllers\NewsController))
 3 SYSTEMPATH\CodeIgniter.php(368): CodeIgniter\CodeIgniter->handleRequest(null, Object(Config\Cache), false)
 4 FCPATH\index.php(67): CodeIgniter\CodeIgniter->run()
 5 SYSTEMPATH\Commands\Server\rewrite.php(47): require_once('FCPATH\\index.php')
CRITICAL - 2023-02-10 08:38:32 --> Trying to access array offset on value of type null
in APPPATH\Controllers\NewsController.php on line 74.
 1 APPPATH\Controllers\NewsController.php(74): CodeIgniter\Debug\Exceptions->errorHandler(2, 'Trying to access array offset on value of type null', 'APPPATH\\Controllers\\NewsController.php', 74)
 2 SYSTEMPATH\CodeIgniter.php(934): App\Controllers\NewsController->view('create')
 3 SYSTEMPATH\CodeIgniter.php(499): CodeIgniter\CodeIgniter->runController(Object(App\Controllers\NewsController))
 4 SYSTEMPATH\CodeIgniter.php(368): CodeIgniter\CodeIgniter->handleRequest(null, Object(Config\Cache), false)
 5 FCPATH\index.php(67): CodeIgniter\CodeIgniter->run()
 6 SYSTEMPATH\Commands\Server\rewrite.php(47): require_once('FCPATH\\index.php')
CRITICAL - 2023-02-10 08:44:15 --> Call to undefined method App\Models\NewsModel::getNews
in SYSTEMPATH\Model.php on line 841.
 1 APPPATH\Controllers\NewsController.php(33): CodeIgniter\Model->__call('getNews', [...])
 2 SYSTEMPATH\CodeIgniter.php(934): App\Controllers\NewsController->view('create')
 3 SYSTEMPATH\CodeIgniter.php(499): CodeIgniter\CodeIgniter->runController(Object(App\Controllers\NewsController))
 4 SYSTEMPATH\CodeIgniter.php(368): CodeIgniter\CodeIgniter->handleRequest(null, Object(Config\Cache), false)
 5 FCPATH\index.php(67): CodeIgniter\CodeIgniter->run()
 6 SYSTEMPATH\Commands\Server\rewrite.php(47): require_once('FCPATH\\index.php')
CRITICAL - 2023-02-10 08:44:16 --> Call to undefined method App\Models\NewsModel::getNews
in SYSTEMPATH\Model.php on line 841.
 1 APPPATH\Controllers\NewsController.php(33): CodeIgniter\Model->__call('getNews', [...])
 2 SYSTEMPATH\CodeIgniter.php(934): App\Controllers\NewsController->view('create')
 3 SYSTEMPATH\CodeIgniter.php(499): CodeIgniter\CodeIgniter->runController(Object(App\Controllers\NewsController))
 4 SYSTEMPATH\CodeIgniter.php(368): CodeIgniter\CodeIgniter->handleRequest(null, Object(Config\Cache), false)
 5 FCPATH\index.php(67): CodeIgniter\CodeIgniter->run()
 6 SYSTEMPATH\Commands\Server\rewrite.php(47): require_once('FCPATH\\index.php')
INFO - 2023-02-10 08:47:57 --> Session: Class initialized using 'CodeIgniter\Session\Handlers\FileHandler' driver.
INFO - 2023-02-10 08:48:05 --> CSRF token verified.
INFO - 2023-02-10 09:49:59 --> Session: Class initialized using 'CodeIgniter\Session\Handlers\FileHandler' driver.
INFO - 2023-02-10 09:51:13 --> Session: Class initialized using 'CodeIgniter\Session\Handlers\FileHandler' driver.
INFO - 2023-02-10 09:51:23 --> Session: Class initialized using 'CodeIgniter\Session\Handlers\FileHandler' driver.
INFO - 2023-02-10 09:51:26 --> Session: Class initialized using 'CodeIgniter\Session\Handlers\FileHandler' driver.
INFO - 2023-02-10 09:51:27 --> Session: Class initialized using 'CodeIgniter\Session\Handlers\FileHandler' driver.
INFO - 2023-02-10 09:51:27 --> Session: Class initialized using 'CodeIgniter\Session\Handlers\FileHandler' driver.
INFO - 2023-02-10 09:51:27 --> Session: Class initialized using 'CodeIgniter\Session\Handlers\FileHandler' driver.
INFO - 2023-02-10 09:51:31 --> Session: Class initialized using 'CodeIgniter\Session\Handlers\FileHandler' driver.
INFO - 2023-02-10 10:04:03 --> Session: Class initialized using 'CodeIgniter\Session\Handlers\FileHandler' driver.
INFO - 2023-02-10 10:04:04 --> Session: Class initialized using 'CodeIgniter\Session\Handlers\FileHandler' driver.
INFO - 2023-02-10 10:04:15 --> CSRF token verified.
INFO - 2023-02-10 10:04:15 --> Session: Class initialized using 'CodeIgniter\Session\Handlers\FileHandler' driver.
INFO - 2023-02-10 10:04:20 --> CSRF token verified.
CRITICAL - 2023-02-10 10:04:20 --> Call to a member function save() on null
in APPPATH\Controllers\tftController.php on line 63.
 1 SYSTEMPATH\CodeIgniter.php(934): App\Controllers\tftController->create()
 2 SYSTEMPATH\CodeIgniter.php(499): CodeIgniter\CodeIgniter->runController(Object(App\Controllers\tftController))
 3 SYSTEMPATH\CodeIgniter.php(368): CodeIgniter\CodeIgniter->handleRequest(null, Object(Config\Cache), false)
 4 FCPATH\index.php(67): CodeIgniter\CodeIgniter->run()
 5 SYSTEMPATH\Commands\Server\rewrite.php(47): require_once('FCPATH\\index.php')
INFO - 2023-02-10 10:04:41 --> Session: Class initialized using 'CodeIgniter\Session\Handlers\FileHandler' driver.
INFO - 2023-02-10 10:04:54 --> CSRF token verified.
CRITICAL - 2023-02-10 10:04:54 --> Call to a member function save() on null
in APPPATH\Controllers\tftController.php on line 63.
 1 SYSTEMPATH\CodeIgniter.php(934): App\Controllers\tftController->create()
 2 SYSTEMPATH\CodeIgniter.php(499): CodeIgniter\CodeIgniter->runController(Object(App\Controllers\tftController))
 3 SYSTEMPATH\CodeIgniter.php(368): CodeIgniter\CodeIgniter->handleRequest(null, Object(Config\Cache), false)
 4 FCPATH\index.php(67): CodeIgniter\CodeIgniter->run()
 5 SYSTEMPATH\Commands\Server\rewrite.php(47): require_once('FCPATH\\index.php')
INFO - 2023-02-10 10:06:54 --> CSRF token verified.
CRITICAL - 2023-02-10 10:06:54 --> Call to a member function save() on null
in APPPATH\Controllers\tftController.php on line 63.
 1 SYSTEMPATH\CodeIgniter.php(934): App\Controllers\tftController->create()
 2 SYSTEMPATH\CodeIgniter.php(499): CodeIgniter\CodeIgniter->runController(Object(App\Controllers\tftController))
 3 SYSTEMPATH\CodeIgniter.php(368): CodeIgniter\CodeIgniter->handleRequest(null, Object(Config\Cache), false)
 4 FCPATH\index.php(67): CodeIgniter\CodeIgniter->run()
 5 SYSTEMPATH\Commands\Server\rewrite.php(47): require_once('FCPATH\\index.php')
INFO - 2023-02-10 10:06:56 --> CSRF token verified.
CRITICAL - 2023-02-10 10:06:56 --> Call to a member function save() on null
in APPPATH\Controllers\tftController.php on line 63.
 1 SYSTEMPATH\CodeIgniter.php(934): App\Controllers\tftController->create()
 2 SYSTEMPATH\CodeIgniter.php(499): CodeIgniter\CodeIgniter->runController(Object(App\Controllers\tftController))
 3 SYSTEMPATH\CodeIgniter.php(368): CodeIgniter\CodeIgniter->handleRequest(null, Object(Config\Cache), false)
 4 FCPATH\index.php(67): CodeIgniter\CodeIgniter->run()
 5 SYSTEMPATH\Commands\Server\rewrite.php(47): require_once('FCPATH\\index.php')
INFO - 2023-02-10 10:07:15 --> Session: Class initialized using 'CodeIgniter\Session\Handlers\FileHandler' driver.
INFO - 2023-02-10 10:07:17 --> CSRF token verified.
CRITICAL - 2023-02-10 10:07:17 --> Call to a member function save() on null
in APPPATH\Controllers\tftController.php on line 63.
 1 SYSTEMPATH\CodeIgniter.php(934): App\Controllers\tftController->create()
 2 SYSTEMPATH\CodeIgniter.php(499): CodeIgniter\CodeIgniter->runController(Object(App\Controllers\tftController))
 3 SYSTEMPATH\CodeIgniter.php(368): CodeIgniter\CodeIgniter->handleRequest(null, Object(Config\Cache), false)
 4 FCPATH\index.php(67): CodeIgniter\CodeIgniter->run()
 5 SYSTEMPATH\Commands\Server\rewrite.php(47): require_once('FCPATH\\index.php')
INFO - 2023-02-10 10:07:45 --> CSRF token verified.
CRITICAL - 2023-02-10 10:07:45 --> Call to a member function save() on null
in APPPATH\Controllers\tftController.php on line 63.
 1 SYSTEMPATH\CodeIgniter.php(934): App\Controllers\tftController->create()
 2 SYSTEMPATH\CodeIgniter.php(499): CodeIgniter\CodeIgniter->runController(Object(App\Controllers\tftController))
 3 SYSTEMPATH\CodeIgniter.php(368): CodeIgniter\CodeIgniter->handleRequest(null, Object(Config\Cache), false)
 4 FCPATH\index.php(67): CodeIgniter\CodeIgniter->run()
 5 SYSTEMPATH\Commands\Server\rewrite.php(47): require_once('FCPATH\\index.php')
INFO - 2023-02-10 10:07:47 --> Session: Class initialized using 'CodeIgniter\Session\Handlers\FileHandler' driver.
INFO - 2023-02-10 10:07:58 --> CSRF token verified.
CRITICAL - 2023-02-10 10:07:58 --> Call to a member function save() on null
in APPPATH\Controllers\tftController.php on line 63.
 1 SYSTEMPATH\CodeIgniter.php(934): App\Controllers\tftController->create()
 2 SYSTEMPATH\CodeIgniter.php(499): CodeIgniter\CodeIgniter->runController(Object(App\Controllers\tftController))
 3 SYSTEMPATH\CodeIgniter.php(368): CodeIgniter\CodeIgniter->handleRequest(null, Object(Config\Cache), false)
 4 FCPATH\index.php(67): CodeIgniter\CodeIgniter->run()
 5 SYSTEMPATH\Commands\Server\rewrite.php(47): require_once('FCPATH\\index.php')
INFO - 2023-02-10 10:12:09 --> CSRF token verified.
CRITICAL - 2023-02-10 10:12:09 --> Call to a member function save() on null
in APPPATH\Controllers\tftController.php on line 63.
 1 SYSTEMPATH\CodeIgniter.php(934): App\Controllers\tftController->create()
 2 SYSTEMPATH\CodeIgniter.php(499): CodeIgniter\CodeIgniter->runController(Object(App\Controllers\tftController))
 3 SYSTEMPATH\CodeIgniter.php(368): CodeIgniter\CodeIgniter->handleRequest(null, Object(Config\Cache), false)
 4 FCPATH\index.php(67): CodeIgniter\CodeIgniter->run()
 5 SYSTEMPATH\Commands\Server\rewrite.php(47): require_once('FCPATH\\index.php')
INFO - 2023-02-10 10:12:32 --> CSRF token verified.
CRITICAL - 2023-02-10 10:12:32 --> Call to a member function save() on null
in APPPATH\Controllers\tftController.php on line 63.
 1 SYSTEMPATH\CodeIgniter.php(934): App\Controllers\tftController->create()
 2 SYSTEMPATH\CodeIgniter.php(499): CodeIgniter\CodeIgniter->runController(Object(App\Controllers\tftController))
 3 SYSTEMPATH\CodeIgniter.php(368): CodeIgniter\CodeIgniter->handleRequest(null, Object(Config\Cache), false)
 4 FCPATH\index.php(67): CodeIgniter\CodeIgniter->run()
 5 SYSTEMPATH\Commands\Server\rewrite.php(47): require_once('FCPATH\\index.php')
INFO - 2023-02-10 10:12:39 --> CSRF token verified.
CRITICAL - 2023-02-10 10:12:39 --> Call to a member function save() on null
in APPPATH\Controllers\tftController.php on line 63.
 1 SYSTEMPATH\CodeIgniter.php(934): App\Controllers\tftController->create()
 2 SYSTEMPATH\CodeIgniter.php(499): CodeIgniter\CodeIgniter->runController(Object(App\Controllers\tftController))
 3 SYSTEMPATH\CodeIgniter.php(368): CodeIgniter\CodeIgniter->handleRequest(null, Object(Config\Cache), false)
 4 FCPATH\index.php(67): CodeIgniter\CodeIgniter->run()
 5 SYSTEMPATH\Commands\Server\rewrite.php(47): require_once('FCPATH\\index.php')
INFO - 2023-02-10 10:13:39 --> CSRF token verified.
CRITICAL - 2023-02-10 10:13:39 --> Call to a member function save() on null
in APPPATH\Controllers\tftController.php on line 63.
 1 SYSTEMPATH\CodeIgniter.php(934): App\Controllers\tftController->create()
 2 SYSTEMPATH\CodeIgniter.php(499): CodeIgniter\CodeIgniter->runController(Object(App\Controllers\tftController))
 3 SYSTEMPATH\CodeIgniter.php(368): CodeIgniter\CodeIgniter->handleRequest(null, Object(Config\Cache), false)
 4 FCPATH\index.php(67): CodeIgniter\CodeIgniter->run()
 5 SYSTEMPATH\Commands\Server\rewrite.php(47): require_once('FCPATH\\index.php')
INFO - 2023-02-10 10:18:48 --> CSRF token verified.
CRITICAL - 2023-02-10 10:18:48 --> Call to a member function save() on null
in APPPATH\Controllers\tftController.php on line 64.
 1 SYSTEMPATH\CodeIgniter.php(934): App\Controllers\tftController->create()
 2 SYSTEMPATH\CodeIgniter.php(499): CodeIgniter\CodeIgniter->runController(Object(App\Controllers\tftController))
 3 SYSTEMPATH\CodeIgniter.php(368): CodeIgniter\CodeIgniter->handleRequest(null, Object(Config\Cache), false)
 4 FCPATH\index.php(67): CodeIgniter\CodeIgniter->run()
 5 SYSTEMPATH\Commands\Server\rewrite.php(47): require_once('FCPATH\\index.php')
INFO - 2023-02-10 10:19:12 --> CSRF token verified.
CRITICAL - 2023-02-10 10:19:13 --> Undefined array key "naam"
in APPPATH\Controllers\tftController.php on line 65.
 1 APPPATH\Controllers\tftController.php(65): CodeIgniter\Debug\Exceptions->errorHandler(2, 'Undefined array key "naam"', 'APPPATH\\Controllers\\tftController.php', 65)
 2 SYSTEMPATH\CodeIgniter.php(934): App\Controllers\tftController->create()
 3 SYSTEMPATH\CodeIgniter.php(499): CodeIgniter\CodeIgniter->runController(Object(App\Controllers\tftController))
 4 SYSTEMPATH\CodeIgniter.php(368): CodeIgniter\CodeIgniter->handleRequest(null, Object(Config\Cache), false)
 5 FCPATH\index.php(67): CodeIgniter\CodeIgniter->run()
 6 SYSTEMPATH\Commands\Server\rewrite.php(47): require_once('FCPATH\\index.php')
INFO - 2023-02-10 10:19:44 --> CSRF token verified.
CRITICAL - 2023-02-10 10:19:44 --> Undefined array key "naam"
in APPPATH\Controllers\tftController.php on line 65.
 1 APPPATH\Controllers\tftController.php(65): CodeIgniter\Debug\Exceptions->errorHandler(2, 'Undefined array key "naam"', 'APPPATH\\Controllers\\tftController.php', 65)
 2 SYSTEMPATH\CodeIgniter.php(934): App\Controllers\tftController->create()
 3 SYSTEMPATH\CodeIgniter.php(499): CodeIgniter\CodeIgniter->runController(Object(App\Controllers\tftController))
 4 SYSTEMPATH\CodeIgniter.php(368): CodeIgniter\CodeIgniter->handleRequest(null, Object(Config\Cache), false)
 5 FCPATH\index.php(67): CodeIgniter\CodeIgniter->run()
 6 SYSTEMPATH\Commands\Server\rewrite.php(47): require_once('FCPATH\\index.php')
INFO - 2023-02-10 10:21:09 --> CSRF token verified.
CRITICAL - 2023-02-10 10:21:09 --> Undefined array key "naam"
in APPPATH\Controllers\tftController.php on line 65.
 1 APPPATH\Controllers\tftController.php(65): CodeIgniter\Debug\Exceptions->errorHandler(2, 'Undefined array key "naam"', 'APPPATH\\Controllers\\tftController.php', 65)
 2 SYSTEMPATH\CodeIgniter.php(934): App\Controllers\tftController->create()
 3 SYSTEMPATH\CodeIgniter.php(499): CodeIgniter\CodeIgniter->runController(Object(App\Controllers\tftController))
 4 SYSTEMPATH\CodeIgniter.php(368): CodeIgniter\CodeIgniter->handleRequest(null, Object(Config\Cache), false)
 5 FCPATH\index.php(67): CodeIgniter\CodeIgniter->run()
 6 SYSTEMPATH\Commands\Server\rewrite.php(47): require_once('FCPATH\\index.php')
INFO - 2023-02-10 10:38:51 --> CSRF token verified.
CRITICAL - 2023-02-10 10:38:51 --> Undefined array key "naam"
in APPPATH\Controllers\tftController.php on line 65.
 1 APPPATH\Controllers\tftController.php(65): CodeIgniter\Debug\Exceptions->errorHandler(2, 'Undefined array key "naam"', 'APPPATH\\Controllers\\tftController.php', 65)
 2 SYSTEMPATH\CodeIgniter.php(934): App\Controllers\tftController->create()
 3 SYSTEMPATH\CodeIgniter.php(499): CodeIgniter\CodeIgniter->runController(Object(App\Controllers\tftController))
 4 SYSTEMPATH\CodeIgniter.php(368): CodeIgniter\CodeIgniter->handleRequest(null, Object(Config\Cache), false)
 5 FCPATH\index.php(67): CodeIgniter\CodeIgniter->run()
 6 SYSTEMPATH\Commands\Server\rewrite.php(47): require_once('FCPATH\\index.php')
INFO - 2023-02-10 10:38:58 --> CSRF token verified.
CRITICAL - 2023-02-10 10:38:58 --> Undefined array key "naam"
in APPPATH\Controllers\tftController.php on line 65.
 1 APPPATH\Controllers\tftController.php(65): CodeIgniter\Debug\Exceptions->errorHandler(2, 'Undefined array key "naam"', 'APPPATH\\Controllers\\tftController.php', 65)
 2 SYSTEMPATH\CodeIgniter.php(934): App\Controllers\tftController->create()
 3 SYSTEMPATH\CodeIgniter.php(499): CodeIgniter\CodeIgniter->runController(Object(App\Controllers\tftController))
 4 SYSTEMPATH\CodeIgniter.php(368): CodeIgniter\CodeIgniter->handleRequest(null, Object(Config\Cache), false)
 5 FCPATH\index.php(67): CodeIgniter\CodeIgniter->run()
 6 SYSTEMPATH\Commands\Server\rewrite.php(47): require_once('FCPATH\\index.php')
INFO - 2023-02-10 10:40:14 --> CSRF token verified.
CRITICAL - 2023-02-10 10:40:14 --> Undefined array key "naam"
in APPPATH\Controllers\tftController.php on line 65.
 1 APPPATH\Controllers\tftController.php(65): CodeIgniter\Debug\Exceptions->errorHandler(2, 'Undefined array key "naam"', 'APPPATH\\Controllers\\tftController.php', 65)
 2 SYSTEMPATH\CodeIgniter.php(934): App\Controllers\tftController->create()
 3 SYSTEMPATH\CodeIgniter.php(499): CodeIgniter\CodeIgniter->runController(Object(App\Controllers\tftController))
 4 SYSTEMPATH\CodeIgniter.php(368): CodeIgniter\CodeIgniter->handleRequest(null, Object(Config\Cache), false)
 5 FCPATH\index.php(67): CodeIgniter\CodeIgniter->run()
 6 SYSTEMPATH\Commands\Server\rewrite.php(47): require_once('FCPATH\\index.php')
INFO - 2023-02-10 10:40:18 --> CSRF token verified.
CRITICAL - 2023-02-10 10:40:18 --> Undefined array key "naam"
in APPPATH\Controllers\tftController.php on line 65.
 1 APPPATH\Controllers\tftController.php(65): CodeIgniter\Debug\Exceptions->errorHandler(2, 'Undefined array key "naam"', 'APPPATH\\Controllers\\tftController.php', 65)
 2 SYSTEMPATH\CodeIgniter.php(934): App\Controllers\tftController->create()
 3 SYSTEMPATH\CodeIgniter.php(499): CodeIgniter\CodeIgniter->runController(Object(App\Controllers\tftController))
 4 SYSTEMPATH\CodeIgniter.php(368): CodeIgniter\CodeIgniter->handleRequest(null, Object(Config\Cache), false)
 5 FCPATH\index.php(67): CodeIgniter\CodeIgniter->run()
 6 SYSTEMPATH\Commands\Server\rewrite.php(47): require_once('FCPATH\\index.php')
INFO - 2023-02-10 10:43:09 --> CSRF token verified.
CRITICAL - 2023-02-10 10:43:09 --> Undefined array key "naam"
in APPPATH\Controllers\tftController.php on line 65.
 1 APPPATH\Controllers\tftController.php(65): CodeIgniter\Debug\Exceptions->errorHandler(2, 'Undefined array key "naam"', 'APPPATH\\Controllers\\tftController.php', 65)
 2 SYSTEMPATH\CodeIgniter.php(934): App\Controllers\tftController->create()
 3 SYSTEMPATH\CodeIgniter.php(499): CodeIgniter\CodeIgniter->runController(Object(App\Controllers\tftController))
 4 SYSTEMPATH\CodeIgniter.php(368): CodeIgniter\CodeIgniter->handleRequest(null, Object(Config\Cache), false)
 5 FCPATH\index.php(67): CodeIgniter\CodeIgniter->run()
 6 SYSTEMPATH\Commands\Server\rewrite.php(47): require_once('FCPATH\\index.php')
INFO - 2023-02-10 10:43:10 --> Session: Class initialized using 'CodeIgniter\Session\Handlers\FileHandler' driver.
INFO - 2023-02-10 10:43:12 --> Session: Class initialized using 'CodeIgniter\Session\Handlers\FileHandler' driver.
CRITICAL - 2023-02-10 10:44:36 --> Call to undefined method App\Models\MoodModel::gettft
in SYSTEMPATH\Model.php on line 841.
 1 APPPATH\Controllers\tftController.php(19): CodeIgniter\Model->__call('gettft', [...])
 2 SYSTEMPATH\CodeIgniter.php(934): App\Controllers\tftController->view('submit')
 3 SYSTEMPATH\CodeIgniter.php(499): CodeIgniter\CodeIgniter->runController(Object(App\Controllers\tftController))
 4 SYSTEMPATH\CodeIgniter.php(368): CodeIgniter\CodeIgniter->handleRequest(null, Object(Config\Cache), false)
 5 FCPATH\index.php(67): CodeIgniter\CodeIgniter->run()
 6 SYSTEMPATH\Commands\Server\rewrite.php(47): require_once('FCPATH\\index.php')
INFO - 2023-02-10 10:44:42 --> Session: Class initialized using 'CodeIgniter\Session\Handlers\FileHandler' driver.
INFO - 2023-02-10 10:44:44 --> Session: Class initialized using 'CodeIgniter\Session\Handlers\FileHandler' driver.
INFO - 2023-02-10 10:45:09 --> Session: Class initialized using 'CodeIgniter\Session\Handlers\FileHandler' driver.
INFO - 2023-02-10 10:46:58 --> Session: Class initialized using 'CodeIgniter\Session\Handlers\FileHandler' driver.
INFO - 2023-02-10 10:46:59 --> Session: Class initialized using 'CodeIgniter\Session\Handlers\FileHandler' driver.
INFO - 2023-02-10 10:47:03 --> Session: Class initialized using 'CodeIgniter\Session\Handlers\FileHandler' driver.
INFO - 2023-02-10 10:47:04 --> Session: Class initialized using 'CodeIgniter\Session\Handlers\FileHandler' driver.
INFO - 2023-02-10 10:47:04 --> Session: Class initialized using 'CodeIgniter\Session\Handlers\FileHandler' driver.
INFO - 2023-02-10 10:47:30 --> Session: Class initialized using 'CodeIgniter\Session\Handlers\FileHandler' driver.
INFO - 2023-02-10 10:47:33 --> Session: Class initialized using 'CodeIgniter\Session\Handlers\FileHandler' driver.
INFO - 2023-02-10 10:48:37 --> Session: Class initialized using 'CodeIgniter\Session\Handlers\FileHandler' driver.
